# JRE version: OpenJDK Runtime Environment (8.0_191-b12) (build 1.8.0_191-8u191-b12-0ubuntu0.16.04.1-b12)
# Java VM: OpenJDK 64-Bit Server VM (25.191-b12 mixed mode linux-amd64 compressed oops)
Heap:
 PSYoungGen      total 169984K, used 77514K [0x00000000f0780000, 0x0000000100000000, 0x0000000100000000)
  eden space 85504K, 0% used [0x00000000f0780000,0x00000000f0780000,0x00000000f5b00000)
  from space 84480K, 91% used [0x00000000f5b00000,0x00000000fa6b2a48,0x00000000fad80000)
  to   space 84480K, 0% used [0x00000000fad80000,0x00000000fad80000,0x0000000100000000)
 ParOldGen       total 329728K, used 329418K [0x00000000d1600000, 0x00000000e5800000, 0x00000000f0780000)
  object space 329728K, 99% used [0x00000000d1600000,0x00000000e57b2800,0x00000000e5800000)
 Metaspace       used 12941K, capacity 13098K, committed 13312K, reserved 1060864K
  class space    used 1345K, capacity 1431K, committed 1536K, reserved 1048576K
GC Heap History (10 events):
Event: 26.060 GC heap after
Heap after GC invocations=36 (full 5):
 PSYoungGen      total 167424K, used 45002K [0x00000000f0780000, 0x0000000100000000, 0x0000000100000000)
  eden space 93696K, 0% used [0x00000000f0780000,0x00000000f0780000,0x00000000f6300000)
  from space 73728K, 61% used [0x00000000f6300000,0x00000000f8ef2b28,0x00000000fab00000)
  to   space 75264K, 0% used [0x00000000fb680000,0x00000000fb680000,0x0000000100000000)
 ParOldGen       total 318464K, used 251048K [0x00000000d1600000, 0x00000000e4d00000, 0x00000000f0780000)
  object space 318464K, 78% used [0x00000000d1600000,0x00000000e0b2a2d8,0x00000000e4d00000)
 Metaspace       used 12934K, capacity 13098K, committed 13312K, reserved 1060864K
  class space    used 1345K, capacity 1431K, committed 1536K, reserved 1048576K
}
Event: 26.830 GC heap before
{Heap before GC invocations=37 (full 5):
 PSYoungGen      total 167424K, used 138698K [0x00000000f0780000, 0x0000000100000000, 0x0000000100000000)
  eden space 93696K, 100% used [0x00000000f0780000,0x00000000f6300000,0x00000000f6300000)
  from space 73728K, 61% used [0x00000000f6300000,0x00000000f8ef2b28,0x00000000fab00000)
  to   space 75264K, 0% used [0x00000000fb680000,0x00000000fb680000,0x0000000100000000)
 ParOldGen       total 318464K, used 251048K [0x00000000d1600000, 0x00000000e4d00000, 0x00000000f0780000)
  object space 318464K, 78% used [0x00000000d1600000,0x00000000e0b2a2d8,0x00000000e4d00000)
 Metaspace       used 12940K, capacity 13098K, committed 13312K, reserved 1060864K
  class space    used 1345K, capacity 1431K, committed 1536K, reserved 1048576K
Event: 26.943 GC heap after
Heap after GC invocations=37 (full 5):
 PSYoungGen      total 166912K, used 58425K [0x00000000f0780000, 0x0000000100000000, 0x0000000100000000)
  eden space 91648K, 0% used [0x00000000f0780000,0x00000000f0780000,0x00000000f6100000)
  from space 75264K, 77% used [0x00000000fb680000,0x00000000fef8e7f8,0x0000000100000000)
  to   space 81408K, 0% used [0x00000000f6100000,0x00000000f6100000,0x00000000fb080000)
 ParOldGen       total 318464K, used 251056K [0x00000000d1600000, 0x00000000e4d00000, 0x00000000f0780000)
  object space 318464K, 78% used [0x00000000d1600000,0x00000000e0b2c2d8,0x00000000e4d00000)
 Metaspace       used 12940K, capacity 13098K, committed 13312K, reserved 1060864K
  class space    used 1345K, capacity 1431K, committed 1536K, reserved 1048576K
}
Event: 27.631 GC heap before
{Heap before GC invocations=38 (full 5):
 PSYoungGen      total 166912K, used 150073K [0x00000000f0780000, 0x0000000100000000, 0x0000000100000000)
  eden space 91648K, 100% used [0x00000000f0780000,0x00000000f6100000,0x00000000f6100000)
  from space 75264K, 77% used [0x00000000fb680000,0x00000000fef8e7f8,0x0000000100000000)
  to   space 81408K, 0% used [0x00000000f6100000,0x00000000f6100000,0x00000000fb080000)
 ParOldGen       total 318464K, used 251056K [0x00000000d1600000, 0x00000000e4d00000, 0x00000000f0780000)
  object space 318464K, 78% used [0x00000000d1600000,0x00000000e0b2c2d8,0x00000000e4d00000)
 Metaspace       used 12941K, capacity 13098K, committed 13312K, reserved 1060864K
  class space    used 1345K, capacity 1431K, committed 1536K, reserved 1048576K
Event: 27.783 GC heap after
Heap after GC invocations=38 (full 5):
 PSYoungGen      total 164352K, used 72614K [0x00000000f0780000, 0x0000000100000000, 0x0000000100000000)
  eden space 91648K, 0% used [0x00000000f0780000,0x00000000f0780000,0x00000000f6100000)
  from space 72704K, 99% used [0x00000000f6100000,0x00000000fa7e9b20,0x00000000fa800000)
  to   space 84480K, 0% used [0x00000000fad80000,0x00000000fad80000,0x0000000100000000)
 ParOldGen       total 318464K, used 251056K [0x00000000d1600000, 0x00000000e4d00000, 0x00000000f0780000)
  object space 318464K, 78% used [0x00000000d1600000,0x00000000e0b2c2d8,0x00000000e4d00000)
 Metaspace       used 12941K, capacity 13098K, committed 13312K, reserved 1060864K
  class space    used 1345K, capacity 1431K, committed 1536K, reserved 1048576K
}
Event: 28.182 GC heap before
{Heap before GC invocations=39 (full 5):
 PSYoungGen      total 164352K, used 164262K [0x00000000f0780000, 0x0000000100000000, 0x0000000100000000)
  eden space 91648K, 100% used [0x00000000f0780000,0x00000000f6100000,0x00000000f6100000)
  from space 72704K, 99% used [0x00000000f6100000,0x00000000fa7e9b20,0x00000000fa800000)
  to   space 84480K, 0% used [0x00000000fad80000,0x00000000fad80000,0x0000000100000000)
 ParOldGen       total 318464K, used 251056K [0x00000000d1600000, 0x00000000e4d00000, 0x00000000f0780000)
  object space 318464K, 78% used [0x00000000d1600000,0x00000000e0b2c2d8,0x00000000e4d00000)
 Metaspace       used 12941K, capacity 13098K, committed 13312K, reserved 1060864K
  class space    used 1345K, capacity 1431K, committed 1536K, reserved 1048576K
Event: 28.460 GC heap after
Heap after GC invocations=39 (full 5):
 PSYoungGen      total 169984K, used 84454K [0x00000000f0780000, 0x0000000100000000, 0x0000000100000000)
  eden space 85504K, 0% used [0x00000000f0780000,0x00000000f0780000,0x00000000f5b00000)
  from space 84480K, 99% used [0x00000000fad80000,0x00000000ffff9808,0x0000000100000000)
  to   space 84480K, 0% used [0x00000000f5b00000,0x00000000f5b00000,0x00000000fad80000)
 ParOldGen       total 318464K, used 276442K [0x00000000d1600000, 0x00000000e4d00000, 0x00000000f0780000)
  object space 318464K, 86% used [0x00000000d1600000,0x00000000e23f6ab8,0x00000000e4d00000)
 Metaspace       used 12941K, capacity 13098K, committed 13312K, reserved 1060864K
  class space    used 1345K, capacity 1431K, committed 1536K, reserved 1048576K
}
Event: 28.868 GC heap before
{Heap before GC invocations=40 (full 5):
 PSYoungGen      total 169984K, used 169958K [0x00000000f0780000, 0x0000000100000000, 0x0000000100000000)
  eden space 85504K, 100% used [0x00000000f0780000,0x00000000f5b00000,0x00000000f5b00000)
  from space 84480K, 99% used [0x00000000fad80000,0x00000000ffff9808,0x0000000100000000)
  to   space 84480K, 0% used [0x00000000f5b00000,0x00000000f5b00000,0x00000000fad80000)
 ParOldGen       total 318464K, used 276442K [0x00000000d1600000, 0x00000000e4d00000, 0x00000000f0780000)
  object space 318464K, 86% used [0x00000000d1600000,0x00000000e23f6ab8,0x00000000e4d00000)
 Metaspace       used 12941K, capacity 13098K, committed 13312K, reserved 1060864K
  class space    used 1345K, capacity 1431K, committed 1536K, reserved 1048576K
Event: 29.339 GC heap after
Heap after GC invocations=40 (full 5):
 PSYoungGen      total 169984K, used 84475K [0x00000000f0780000, 0x0000000100000000, 0x0000000100000000)
  eden space 85504K, 0% used [0x00000000f0780000,0x00000000f0780000,0x00000000f5b00000)
  from space 84480K, 99% used [0x00000000f5b00000,0x00000000fad7ee88,0x00000000fad80000)
  to   space 84480K, 0% used [0x00000000fad80000,0x00000000fad80000,0x0000000100000000)
 ParOldGen       total 329728K, used 328785K [0x00000000d1600000, 0x00000000e5800000, 0x00000000f0780000)
  object space 329728K, 99% used [0x00000000d1600000,0x00000000e57145b0,0x00000000e5800000)
 Metaspace       used 12941K, capacity 13098K, committed 13312K, reserved 1060864K
  class space    used 1345K, capacity 1431K, committed 1536K, reserved 1048576K
}
Event: 29.339 GC heap before
{Heap before GC invocations=41 (full 6):
 PSYoungGen      total 169984K, used 84475K [0x00000000f0780000, 0x0000000100000000, 0x0000000100000000)
  eden space 85504K, 0% used [0x00000000f0780000,0x00000000f0780000,0x00000000f5b00000)
  from space 84480K, 99% used [0x00000000f5b00000,0x00000000fad7ee88,0x00000000fad80000)
  to   space 84480K, 0% used [0x00000000fad80000,0x00000000fad80000,0x0000000100000000)
 ParOldGen       total 329728K, used 328785K [0x00000000d1600000, 0x00000000e5800000, 0x00000000f0780000)
  object space 329728K, 99% used [0x00000000d1600000,0x00000000e57145b0,0x00000000e5800000)
 Metaspace       used 12941K, capacity 13098K, committed 13312K, reserved 1060864K
  class space    used 1345K, capacity 1431K, committed 1536K, reserved 1048576K

