# JRE version: OpenJDK Runtime Environment (10.0.2+13) (build 10.0.2+13-Ubuntu-1ubuntu0.18.04.2)
# Java VM: OpenJDK 64-Bit Server VM (10.0.2+13-Ubuntu-1ubuntu0.18.04.2, mixed mode, tiered, compressed oops, g1 gc, linux-amd64)
Heap:
 garbage-first heap   total 721920K, used 253952K [0x00000000a8a00000, 0x0000000100000000)
  region size 1024K, 13 young (13312K), 13 survivors (13312K)
 Metaspace       used 16545K, capacity 16727K, committed 17024K, reserved 1064960K
  class space    used 1482K, capacity 1553K, committed 1664K, reserved 1048576K
GC Heap History (10 events):
Event: 5.221 GC heap after
{Heap after GC invocations=17 (full 0):
 garbage-first heap   total 246784K, used 130408K [0x00000000a8a00000, 0x0000000100000000)
  region size 1024K, 7 young (7168K), 7 survivors (7168K)
 Metaspace       used 16492K, capacity 16726K, committed 17024K, reserved 1064960K
  class space    used 1478K, capacity 1553K, committed 1664K, reserved 1048576K
}
Event: 5.385 GC heap before
{Heap before GC invocations=18 (full 0):
 garbage-first heap   total 246784K, used 180584K [0x00000000a8a00000, 0x0000000100000000)
  region size 1024K, 54 young (55296K), 7 survivors (7168K)
 Metaspace       used 16492K, capacity 16726K, committed 17024K, reserved 1064960K
  class space    used 1478K, capacity 1553K, committed 1664K, reserved 1048576K
}
Event: 5.437 GC heap after
{Heap after GC invocations=19 (full 0):
 garbage-first heap   total 484352K, used 155648K [0x00000000a8a00000, 0x0000000100000000)
  region size 1024K, 7 young (7168K), 7 survivors (7168K)
 Metaspace       used 16492K, capacity 16726K, committed 17024K, reserved 1064960K
  class space    used 1478K, capacity 1553K, committed 1664K, reserved 1048576K
}
Event: 5.501 GC heap before
{Heap before GC invocations=19 (full 0):
 garbage-first heap   total 484352K, used 172032K [0x00000000a8a00000, 0x0000000100000000)
  region size 1024K, 23 young (23552K), 7 survivors (7168K)
 Metaspace       used 16492K, capacity 16726K, committed 17024K, reserved 1064960K
  class space    used 1478K, capacity 1553K, committed 1664K, reserved 1048576K
}
Event: 5.531 GC heap after
{Heap after GC invocations=20 (full 0):
 garbage-first heap   total 484352K, used 158720K [0x00000000a8a00000, 0x0000000100000000)
  region size 1024K, 3 young (3072K), 3 survivors (3072K)
 Metaspace       used 16492K, capacity 16726K, committed 17024K, reserved 1064960K
  class space    used 1478K, capacity 1553K, committed 1664K, reserved 1048576K
}
Event: 6.058 GC heap before
{Heap before GC invocations=20 (full 0):
 garbage-first heap   total 484352K, used 299008K [0x00000000a8a00000, 0x0000000100000000)
  region size 1024K, 131 young (134144K), 3 survivors (3072K)
 Metaspace       used 16498K, capacity 16726K, committed 17024K, reserved 1064960K
  class space    used 1481K, capacity 1553K, committed 1664K, reserved 1048576K
}
Event: 6.139 GC heap after
{Heap after GC invocations=21 (full 0):
 garbage-first heap   total 484352K, used 227328K [0x00000000a8a00000, 0x0000000100000000)
  region size 1024K, 17 young (17408K), 17 survivors (17408K)
 Metaspace       used 16498K, capacity 16726K, committed 17024K, reserved 1064960K
  class space    used 1481K, capacity 1553K, committed 1664K, reserved 1048576K
}
Event: 6.736 GC heap before
{Heap before GC invocations=21 (full 0):
 garbage-first heap   total 484352K, used 314368K [0x00000000a8a00000, 0x0000000100000000)
  region size 1024K, 102 young (104448K), 17 survivors (17408K)
 Metaspace       used 16527K, capacity 16727K, committed 17024K, reserved 1064960K
  class space    used 1482K, capacity 1553K, committed 1664K, reserved 1048576K
}
Event: 6.765 GC heap after
{Heap after GC invocations=22 (full 0):
 garbage-first heap   total 484352K, used 238592K [0x00000000a8a00000, 0x0000000100000000)
  region size 1024K, 13 young (13312K), 13 survivors (13312K)
 Metaspace       used 16527K, capacity 16727K, committed 17024K, reserved 1064960K
  class space    used 1482K, capacity 1553K, committed 1664K, reserved 1048576K
}
Event: 7.120 GC heap before
{Heap before GC invocations=22 (full 0):
 garbage-first heap   total 484352K, used 328704K [0x00000000a8a00000, 0x0000000100000000)
  region size 1024K, 101 young (103424K), 13 survivors (13312K)
 Metaspace       used 16545K, capacity 16727K, committed 17024K, reserved 1064960K
  class space    used 1482K, capacity 1553K, committed 1664K, reserved 1048576K
}

