# JRE version: OpenJDK Runtime Environment (10.0.2+13) (build 10.0.2+13-Ubuntu-1ubuntu0.18.04.2)
# Java VM: OpenJDK 64-Bit Server VM (10.0.2+13-Ubuntu-1ubuntu0.18.04.2, mixed mode, tiered, compressed oops, g1 gc, linux-amd64)
Heap:
 garbage-first heap   total 673792K, used 215261K [0x00000000a8a00000, 0x0000000100000000)
  region size 1024K, 13 young (13312K), 13 survivors (13312K)
 Metaspace       used 16545K, capacity 16727K, committed 17024K, reserved 1064960K
  class space    used 1482K, capacity 1553K, committed 1664K, reserved 1048576K
GC Heap History (10 events):
Event: 8.318 GC heap after
{Heap after GC invocations=17 (full 0):
 garbage-first heap   total 236544K, used 147432K [0x00000000a8a00000, 0x0000000100000000)
  region size 1024K, 10 young (10240K), 10 survivors (10240K)
 Metaspace       used 16501K, capacity 16726K, committed 17024K, reserved 1064960K
  class space    used 1478K, capacity 1553K, committed 1664K, reserved 1048576K
}
Event: 8.480 GC heap before
{Heap before GC invocations=17 (full 0):
 garbage-first heap   total 236544K, used 179176K [0x00000000a8a00000, 0x0000000100000000)
  region size 1024K, 41 young (41984K), 10 survivors (10240K)
 Metaspace       used 16501K, capacity 16726K, committed 17024K, reserved 1064960K
  class space    used 1478K, capacity 1553K, committed 1664K, reserved 1048576K
}
Event: 8.516 GC heap after
{Heap after GC invocations=18 (full 0):
 garbage-first heap   total 473088K, used 169984K [0x00000000a8a00000, 0x0000000100000000)
  region size 1024K, 6 young (6144K), 6 survivors (6144K)
 Metaspace       used 16501K, capacity 16726K, committed 17024K, reserved 1064960K
  class space    used 1478K, capacity 1553K, committed 1664K, reserved 1048576K
}
Event: 9.302 GC heap before
{Heap before GC invocations=19 (full 0):
 garbage-first heap   total 473088K, used 279552K [0x00000000a8a00000, 0x0000000100000000)
  region size 1024K, 105 young (107520K), 6 survivors (6144K)
 Metaspace       used 16511K, capacity 16726K, committed 17024K, reserved 1064960K
  class space    used 1481K, capacity 1553K, committed 1664K, reserved 1048576K
}
Event: 9.381 GC heap after
{Heap after GC invocations=20 (full 0):
 garbage-first heap   total 473088K, used 219136K [0x00000000a8a00000, 0x0000000100000000)
  region size 1024K, 14 young (14336K), 14 survivors (14336K)
 Metaspace       used 16511K, capacity 16726K, committed 17024K, reserved 1064960K
  class space    used 1481K, capacity 1553K, committed 1664K, reserved 1048576K
}
Event: 9.869 GC heap before
{Heap before GC invocations=20 (full 0):
 garbage-first heap   total 473088K, used 304128K [0x00000000a8a00000, 0x0000000100000000)
  region size 1024K, 97 young (99328K), 14 survivors (14336K)
 Metaspace       used 16528K, capacity 16727K, committed 17024K, reserved 1064960K
  class space    used 1482K, capacity 1553K, committed 1664K, reserved 1048576K
}
Event: 9.935 GC heap after
{Heap after GC invocations=21 (full 0):
 garbage-first heap   total 473088K, used 226816K [0x00000000a8a00000, 0x0000000100000000)
  region size 1024K, 13 young (13312K), 13 survivors (13312K)
 Metaspace       used 16528K, capacity 16727K, committed 17024K, reserved 1064960K
  class space    used 1482K, capacity 1553K, committed 1664K, reserved 1048576K
}
Event: 10.448 GC heap before
{Heap before GC invocations=21 (full 0):
 garbage-first heap   total 473088K, used 315904K [0x00000000a8a00000, 0x0000000100000000)
  region size 1024K, 100 young (102400K), 13 survivors (13312K)
 Metaspace       used 16545K, capacity 16727K, committed 17024K, reserved 1064960K
  class space    used 1482K, capacity 1553K, committed 1664K, reserved 1048576K
}
Event: 10.530 GC heap after
{Heap after GC invocations=22 (full 0):
 garbage-first heap   total 473088K, used 241655K [0x00000000a8a00000, 0x0000000100000000)
  region size 1024K, 13 young (13312K), 13 survivors (13312K)
 Metaspace       used 16545K, capacity 16727K, committed 17024K, reserved 1064960K
  class space    used 1482K, capacity 1553K, committed 1664K, reserved 1048576K
}
Event: 10.865 GC heap before
{Heap before GC invocations=23 (full 0):
 garbage-first heap   total 473088K, used 292855K [0x00000000a8a00000, 0x0000000100000000)
  region size 1024K, 101 young (103424K), 13 survivors (13312K)
 Metaspace       used 16545K, capacity 16727K, committed 17024K, reserved 1064960K
  class space    used 1482K, capacity 1553K, committed 1664K, reserved 1048576K
}

