# JRE version: OpenJDK Runtime Environment (10.0.2+13) (build 10.0.2+13-Ubuntu-1ubuntu0.18.04.4)
# Java VM: OpenJDK 64-Bit Server VM (10.0.2+13-Ubuntu-1ubuntu0.18.04.4, mixed mode, tiered, compressed oops, g1 gc, linux-amd64)
Heap:
 garbage-first heap   total 592896K, used 214528K [0x00000000a8a00000, 0x0000000100000000)
  region size 1024K, 6 young (6144K), 6 survivors (6144K)
 Metaspace       used 16652K, capacity 16857K, committed 17280K, reserved 1064960K
  class space    used 1491K, capacity 1554K, committed 1664K, reserved 1048576K
GC Heap History (10 events):
Event: 5.642 GC heap after
{Heap after GC invocations=12 (full 0):
 garbage-first heap   total 207872K, used 75316K [0x00000000a8a00000, 0x0000000100000000)
  region size 1024K, 9 young (9216K), 9 survivors (9216K)
 Metaspace       used 16565K, capacity 16729K, committed 17024K, reserved 1064960K
  class space    used 1488K, capacity 1554K, committed 1664K, reserved 1048576K
}
Event: 5.924 GC heap before
{Heap before GC invocations=12 (full 0):
 garbage-first heap   total 207872K, used 145972K [0x00000000a8a00000, 0x0000000100000000)
  region size 1024K, 77 young (78848K), 9 survivors (9216K)
 Metaspace       used 16605K, capacity 16793K, committed 17280K, reserved 1064960K
  class space    used 1488K, capacity 1554K, committed 1664K, reserved 1048576K
}
Event: 5.952 GC heap after
{Heap after GC invocations=13 (full 0):
 garbage-first heap   total 310272K, used 87552K [0x00000000a8a00000, 0x0000000100000000)
  region size 1024K, 10 young (10240K), 10 survivors (10240K)
 Metaspace       used 16605K, capacity 16793K, committed 17280K, reserved 1064960K
  class space    used 1488K, capacity 1554K, committed 1664K, reserved 1048576K
}
Event: 6.480 GC heap before
{Heap before GC invocations=13 (full 0):
 garbage-first heap   total 310272K, used 194048K [0x00000000a8a00000, 0x0000000100000000)
  region size 1024K, 106 young (108544K), 10 survivors (10240K)
 Metaspace       used 16610K, capacity 16793K, committed 17280K, reserved 1064960K
  class space    used 1488K, capacity 1554K, committed 1664K, reserved 1048576K
}
Event: 6.579 GC heap after
{Heap after GC invocations=14 (full 0):
 garbage-first heap   total 310272K, used 120735K [0x00000000a8a00000, 0x0000000100000000)
  region size 1024K, 14 young (14336K), 14 survivors (14336K)
 Metaspace       used 16610K, capacity 16793K, committed 17280K, reserved 1064960K
  class space    used 1488K, capacity 1554K, committed 1664K, reserved 1048576K
}
Event: 6.929 GC heap before
{Heap before GC invocations=14 (full 0):
 garbage-first heap   total 310272K, used 211871K [0x00000000a8a00000, 0x0000000100000000)
  region size 1024K, 103 young (105472K), 14 survivors (14336K)
 Metaspace       used 16612K, capacity 16793K, committed 17280K, reserved 1064960K
  class space    used 1488K, capacity 1554K, committed 1664K, reserved 1048576K
}
Event: 7.024 GC heap after
{Heap after GC invocations=15 (full 0):
 garbage-first heap   total 310272K, used 178688K [0x00000000a8a00000, 0x0000000100000000)
  region size 1024K, 13 young (13312K), 13 survivors (13312K)
 Metaspace       used 16612K, capacity 16793K, committed 17280K, reserved 1064960K
  class space    used 1488K, capacity 1554K, committed 1664K, reserved 1048576K
}
Event: 7.373 GC heap before
{Heap before GC invocations=15 (full 0):
 garbage-first heap   total 310272K, used 225792K [0x00000000a8a00000, 0x0000000100000000)
  region size 1024K, 59 young (60416K), 13 survivors (13312K)
 Metaspace       used 16650K, capacity 16857K, committed 17280K, reserved 1064960K
  class space    used 1491K, capacity 1554K, committed 1664K, reserved 1048576K
}
Event: 7.437 GC heap after
{Heap after GC invocations=16 (full 0):
 garbage-first heap   total 310272K, used 195072K [0x00000000a8a00000, 0x0000000100000000)
  region size 1024K, 8 young (8192K), 8 survivors (8192K)
 Metaspace       used 16650K, capacity 16857K, committed 17280K, reserved 1064960K
  class space    used 1491K, capacity 1554K, committed 1664K, reserved 1048576K
}
Event: 7.703 GC heap before
{Heap before GC invocations=16 (full 0):
 garbage-first heap   total 310272K, used 242176K [0x00000000a8a00000, 0x0000000100000000)
  region size 1024K, 45 young (46080K), 8 survivors (8192K)
 Metaspace       used 16652K, capacity 16857K, committed 17280K, reserved 1064960K
  class space    used 1491K, capacity 1554K, committed 1664K, reserved 1048576K
}

