# JRE version: OpenJDK Runtime Environment (10.0.2+13) (build 10.0.2+13-Ubuntu-1ubuntu0.18.04.2)
# Java VM: OpenJDK 64-Bit Server VM (10.0.2+13-Ubuntu-1ubuntu0.18.04.2, mixed mode, tiered, compressed oops, g1 gc, linux-amd64)
Heap:
 garbage-first heap   total 521216K, used 194048K [0x00000000a8a00000, 0x0000000100000000)
  region size 1024K, 6 young (6144K), 6 survivors (6144K)
 Metaspace       used 16493K, capacity 16726K, committed 17024K, reserved 1064960K
  class space    used 1478K, capacity 1553K, committed 1664K, reserved 1048576K
GC Heap History (10 events):
Event: 5.021 GC heap after
{Heap after GC invocations=13 (full 0):
 garbage-first heap   total 174080K, used 77817K [0x00000000a8a00000, 0x0000000100000000)
  region size 1024K, 7 young (7168K), 7 survivors (7168K)
 Metaspace       used 16435K, capacity 16598K, committed 17024K, reserved 1064960K
  class space    used 1478K, capacity 1553K, committed 1664K, reserved 1048576K
}
Event: 5.196 GC heap before
{Heap before GC invocations=13 (full 0):
 garbage-first heap   total 174080K, used 125945K [0x00000000a8a00000, 0x0000000100000000)
  region size 1024K, 53 young (54272K), 7 survivors (7168K)
 Metaspace       used 16454K, capacity 16662K, committed 17024K, reserved 1064960K
  class space    used 1478K, capacity 1553K, committed 1664K, reserved 1048576K
}
Event: 5.215 GC heap after
{Heap after GC invocations=14 (full 0):
 garbage-first heap   total 277504K, used 83653K [0x00000000a8a00000, 0x0000000100000000)
  region size 1024K, 7 young (7168K), 7 survivors (7168K)
 Metaspace       used 16454K, capacity 16662K, committed 17024K, reserved 1064960K
  class space    used 1478K, capacity 1553K, committed 1664K, reserved 1048576K
}
Event: 5.616 GC heap before
{Heap before GC invocations=14 (full 0):
 garbage-first heap   total 277504K, used 161477K [0x00000000a8a00000, 0x0000000100000000)
  region size 1024K, 83 young (84992K), 7 survivors (7168K)
 Metaspace       used 16487K, capacity 16662K, committed 17024K, reserved 1064960K
  class space    used 1478K, capacity 1553K, committed 1664K, reserved 1048576K
}
Event: 5.656 GC heap after
{Heap after GC invocations=15 (full 0):
 garbage-first heap   total 277504K, used 100611K [0x00000000a8a00000, 0x0000000100000000)
  region size 1024K, 11 young (11264K), 11 survivors (11264K)
 Metaspace       used 16487K, capacity 16662K, committed 17024K, reserved 1064960K
  class space    used 1478K, capacity 1553K, committed 1664K, reserved 1048576K
}
Event: 6.124 GC heap before
{Heap before GC invocations=15 (full 0):
 garbage-first heap   total 277504K, used 194819K [0x00000000a8a00000, 0x0000000100000000)
  region size 1024K, 95 young (97280K), 11 survivors (11264K)
 Metaspace       used 16491K, capacity 16726K, committed 17024K, reserved 1064960K
  class space    used 1478K, capacity 1553K, committed 1664K, reserved 1048576K
}
Event: 6.171 GC heap after
{Heap after GC invocations=16 (full 0):
 garbage-first heap   total 277504K, used 132599K [0x00000000a8a00000, 0x0000000100000000)
  region size 1024K, 12 young (12288K), 12 survivors (12288K)
 Metaspace       used 16491K, capacity 16726K, committed 17024K, reserved 1064960K
  class space    used 1478K, capacity 1553K, committed 1664K, reserved 1048576K
}
Event: 6.373 GC heap before
{Heap before GC invocations=16 (full 0):
 garbage-first heap   total 277504K, used 196087K [0x00000000a8a00000, 0x0000000100000000)
  region size 1024K, 74 young (75776K), 12 survivors (12288K)
 Metaspace       used 16493K, capacity 16726K, committed 17024K, reserved 1064960K
  class space    used 1478K, capacity 1553K, committed 1664K, reserved 1048576K
}
Event: 6.458 GC heap after
{Heap after GC invocations=17 (full 0):
 garbage-first heap   total 277504K, used 174080K [0x00000000a8a00000, 0x0000000100000000)
  region size 1024K, 10 young (10240K), 10 survivors (10240K)
 Metaspace       used 16493K, capacity 16726K, committed 17024K, reserved 1064960K
  class space    used 1478K, capacity 1553K, committed 1664K, reserved 1048576K
}
Event: 6.570 GC heap before
{Heap before GC invocations=17 (full 0):
 garbage-first heap   total 277504K, used 207872K [0x00000000a8a00000, 0x0000000100000000)
  region size 1024K, 43 young (44032K), 10 survivors (10240K)
 Metaspace       used 16493K, capacity 16726K, committed 17024K, reserved 1064960K
  class space    used 1478K, capacity 1553K, committed 1664K, reserved 1048576K
}

