# JRE version: OpenJDK Runtime Environment (10.0.2+13) (build 10.0.2+13-Ubuntu-1ubuntu0.18.04.2)
# Java VM: OpenJDK 64-Bit Server VM (10.0.2+13-Ubuntu-1ubuntu0.18.04.2, mixed mode, tiered, compressed oops, g1 gc, linux-amd64)
Heap:
 garbage-first heap   total 750592K, used 251302K [0x00000000a8a00000, 0x0000000100000000)
  region size 1024K, 15 young (15360K), 15 survivors (15360K)
 Metaspace       used 16552K, capacity 16727K, committed 17024K, reserved 1064960K
  class space    used 1483K, capacity 1553K, committed 1664K, reserved 1048576K
GC Heap History (10 events):
Event: 5.574 GC heap after
{Heap after GC invocations=18 (full 0):
 garbage-first heap   total 281600K, used 128184K [0x00000000a8a00000, 0x0000000100000000)
  region size 1024K, 12 young (12288K), 12 survivors (12288K)
 Metaspace       used 16447K, capacity 16598K, committed 17024K, reserved 1064960K
  class space    used 1478K, capacity 1553K, committed 1664K, reserved 1048576K
}
Event: 5.703 GC heap before
{Heap before GC invocations=18 (full 0):
 garbage-first heap   total 281600K, used 196792K [0x00000000a8a00000, 0x0000000100000000)
  region size 1024K, 79 young (80896K), 12 survivors (12288K)
 Metaspace       used 16449K, capacity 16598K, committed 17024K, reserved 1064960K
  class space    used 1478K, capacity 1553K, committed 1664K, reserved 1048576K
}
Event: 5.758 GC heap after
{Heap after GC invocations=19 (full 0):
 garbage-first heap   total 512000K, used 173527K [0x00000000a8a00000, 0x0000000100000000)
  region size 1024K, 10 young (10240K), 10 survivors (10240K)
 Metaspace       used 16449K, capacity 16598K, committed 17024K, reserved 1064960K
  class space    used 1478K, capacity 1553K, committed 1664K, reserved 1048576K
}
Event: 6.301 GC heap before
{Heap before GC invocations=19 (full 0):
 garbage-first heap   total 512000K, used 300503K [0x00000000a8a00000, 0x0000000100000000)
  region size 1024K, 125 young (128000K), 10 survivors (10240K)
 Metaspace       used 16485K, capacity 16662K, committed 17024K, reserved 1064960K
  class space    used 1481K, capacity 1553K, committed 1664K, reserved 1048576K
}
Event: 6.406 GC heap after
{Heap after GC invocations=20 (full 0):
 garbage-first heap   total 512000K, used 235008K [0x00000000a8a00000, 0x0000000100000000)
  region size 1024K, 16 young (16384K), 16 survivors (16384K)
 Metaspace       used 16485K, capacity 16662K, committed 17024K, reserved 1064960K
  class space    used 1481K, capacity 1553K, committed 1664K, reserved 1048576K
}
Event: 7.702 GC heap before
{Heap before GC invocations=20 (full 0):
 garbage-first heap   total 512000K, used 335360K [0x00000000a8a00000, 0x0000000100000000)
  region size 1024K, 114 young (116736K), 16 survivors (16384K)
 Metaspace       used 16520K, capacity 16727K, committed 17024K, reserved 1064960K
  class space    used 1483K, capacity 1553K, committed 1664K, reserved 1048576K
}
Event: 7.760 GC heap after
{Heap after GC invocations=21 (full 0):
 garbage-first heap   total 512000K, used 249344K [0x00000000a8a00000, 0x0000000100000000)
  region size 1024K, 15 young (15360K), 15 survivors (15360K)
 Metaspace       used 16520K, capacity 16727K, committed 17024K, reserved 1064960K
  class space    used 1483K, capacity 1553K, committed 1664K, reserved 1048576K
}
Event: 8.336 GC heap before
{Heap before GC invocations=21 (full 0):
 garbage-first heap   total 512000K, used 349696K [0x00000000a8a00000, 0x0000000100000000)
  region size 1024K, 113 young (115712K), 15 survivors (15360K)
 Metaspace       used 16532K, capacity 16727K, committed 17024K, reserved 1064960K
  class space    used 1483K, capacity 1553K, committed 1664K, reserved 1048576K
}
Event: 8.398 GC heap after
{Heap after GC invocations=22 (full 0):
 garbage-first heap   total 512000K, used 266998K [0x00000000a8a00000, 0x0000000100000000)
  region size 1024K, 15 young (15360K), 15 survivors (15360K)
 Metaspace       used 16532K, capacity 16727K, committed 17024K, reserved 1064960K
  class space    used 1483K, capacity 1553K, committed 1664K, reserved 1048576K
}
Event: 9.319 GC heap before
{Heap before GC invocations=23 (full 0):
 garbage-first heap   total 512000K, used 336630K [0x00000000a8a00000, 0x0000000100000000)
  region size 1024K, 113 young (115712K), 15 survivors (15360K)
 Metaspace       used 16552K, capacity 16727K, committed 17024K, reserved 1064960K
  class space    used 1483K, capacity 1553K, committed 1664K, reserved 1048576K
}

