# JRE version: OpenJDK Runtime Environment (10.0.2+13) (build 10.0.2+13-Ubuntu-1ubuntu0.18.04.4)
# Java VM: OpenJDK 64-Bit Server VM (10.0.2+13-Ubuntu-1ubuntu0.18.04.4, mixed mode, tiered, compressed oops, g1 gc, linux-amd64)
Heap:
 garbage-first heap   total 550912K, used 180223K [0x00000000a8a00000, 0x0000000100000000)
  region size 1024K, 11 young (11264K), 11 survivors (11264K)
 Metaspace       used 16564K, capacity 16793K, committed 17280K, reserved 1064960K
  class space    used 1488K, capacity 1554K, committed 1664K, reserved 1048576K
GC Heap History (10 events):
Event: 5.655 GC heap after
{Heap after GC invocations=14 (full 0):
 garbage-first heap   total 148480K, used 69588K [0x00000000a8a00000, 0x0000000100000000)
  region size 1024K, 5 young (5120K), 5 survivors (5120K)
 Metaspace       used 16496K, capacity 16665K, committed 17024K, reserved 1064960K
  class space    used 1488K, capacity 1554K, committed 1664K, reserved 1048576K
}
Event: 5.807 GC heap before
{Heap before GC invocations=14 (full 0):
 garbage-first heap   total 148480K, used 105428K [0x00000000a8a00000, 0x0000000100000000)
  region size 1024K, 38 young (38912K), 5 survivors (5120K)
 Metaspace       used 16496K, capacity 16665K, committed 17024K, reserved 1064960K
  class space    used 1488K, capacity 1554K, committed 1664K, reserved 1048576K
}
Event: 5.831 GC heap after
{Heap after GC invocations=15 (full 0):
 garbage-first heap   total 296960K, used 75573K [0x00000000a8a00000, 0x0000000100000000)
  region size 1024K, 5 young (5120K), 5 survivors (5120K)
 Metaspace       used 16496K, capacity 16665K, committed 17024K, reserved 1064960K
  class space    used 1488K, capacity 1554K, committed 1664K, reserved 1048576K
}
Event: 6.321 GC heap before
{Heap before GC invocations=15 (full 0):
 garbage-first heap   total 296960K, used 155445K [0x00000000a8a00000, 0x0000000100000000)
  region size 1024K, 83 young (84992K), 5 survivors (5120K)
 Metaspace       used 16504K, capacity 16665K, committed 17024K, reserved 1064960K
  class space    used 1488K, capacity 1554K, committed 1664K, reserved 1048576K
}
Event: 6.350 GC heap after
{Heap after GC invocations=16 (full 0):
 garbage-first heap   total 296960K, used 83437K [0x00000000a8a00000, 0x0000000100000000)
  region size 1024K, 11 young (11264K), 11 survivors (11264K)
 Metaspace       used 16504K, capacity 16665K, committed 17024K, reserved 1064960K
  class space    used 1488K, capacity 1554K, committed 1664K, reserved 1048576K
}
Event: 6.987 GC heap before
{Heap before GC invocations=16 (full 0):
 garbage-first heap   total 296960K, used 175597K [0x00000000a8a00000, 0x0000000100000000)
  region size 1024K, 100 young (102400K), 11 survivors (11264K)
 Metaspace       used 16556K, capacity 16729K, committed 17024K, reserved 1064960K
  class space    used 1488K, capacity 1554K, committed 1664K, reserved 1048576K
}
Event: 7.064 GC heap after
{Heap after GC invocations=17 (full 0):
 garbage-first heap   total 296960K, used 113645K [0x00000000a8a00000, 0x0000000100000000)
  region size 1024K, 13 young (13312K), 13 survivors (13312K)
 Metaspace       used 16556K, capacity 16729K, committed 17024K, reserved 1064960K
  class space    used 1488K, capacity 1554K, committed 1664K, reserved 1048576K
}
Event: 7.548 GC heap before
{Heap before GC invocations=17 (full 0):
 garbage-first heap   total 296960K, used 204781K [0x00000000a8a00000, 0x0000000100000000)
  region size 1024K, 94 young (96256K), 13 survivors (13312K)
 Metaspace       used 16561K, capacity 16729K, committed 17024K, reserved 1064960K
  class space    used 1488K, capacity 1554K, committed 1664K, reserved 1048576K
}
Event: 7.597 GC heap after
{Heap after GC invocations=18 (full 0):
 garbage-first heap   total 296960K, used 131058K [0x00000000a8a00000, 0x0000000100000000)
  region size 1024K, 12 young (12288K), 12 survivors (12288K)
 Metaspace       used 16561K, capacity 16729K, committed 17024K, reserved 1064960K
  class space    used 1488K, capacity 1554K, committed 1664K, reserved 1048576K
}
Event: 7.802 GC heap before
{Heap before GC invocations=18 (full 0):
 garbage-first heap   total 296960K, used 206834K [0x00000000a8a00000, 0x0000000100000000)
  region size 1024K, 86 young (88064K), 12 survivors (12288K)
 Metaspace       used 16564K, capacity 16793K, committed 17280K, reserved 1064960K
  class space    used 1488K, capacity 1554K, committed 1664K, reserved 1048576K
}

