# JRE version: OpenJDK Runtime Environment (10.0.2+13) (build 10.0.2+13-Ubuntu-1ubuntu0.18.04.2)
# Java VM: OpenJDK 64-Bit Server VM (10.0.2+13-Ubuntu-1ubuntu0.18.04.2, mixed mode, tiered, compressed oops, g1 gc, linux-amd64)
Heap:
 garbage-first heap   total 503808K, used 184832K [0x00000000a8a00000, 0x0000000100000000)
  region size 1024K, 4 young (4096K), 4 survivors (4096K)
 Metaspace       used 16489K, capacity 16727K, committed 17024K, reserved 1064960K
  class space    used 1478K, capacity 1553K, committed 1664K, reserved 1048576K
GC Heap History (10 events):
Event: 4.354 GC heap after
{Heap after GC invocations=13 (full 0):
 garbage-first heap   total 165888K, used 80803K [0x00000000a8a00000, 0x0000000100000000)
  region size 1024K, 7 young (7168K), 7 survivors (7168K)
 Metaspace       used 16449K, capacity 16599K, committed 17024K, reserved 1064960K
  class space    used 1478K, capacity 1553K, committed 1664K, reserved 1048576K
}
Event: 4.518 GC heap before
{Heap before GC invocations=13 (full 0):
 garbage-first heap   total 165888K, used 123811K [0x00000000a8a00000, 0x0000000100000000)
  region size 1024K, 49 young (50176K), 7 survivors (7168K)
 Metaspace       used 16481K, capacity 16663K, committed 17024K, reserved 1064960K
  class space    used 1478K, capacity 1553K, committed 1664K, reserved 1048576K
}
Event: 4.532 GC heap after
{Heap after GC invocations=14 (full 0):
 garbage-first heap   total 245760K, used 87040K [0x00000000a8a00000, 0x0000000100000000)
  region size 1024K, 7 young (7168K), 7 survivors (7168K)
 Metaspace       used 16481K, capacity 16663K, committed 17024K, reserved 1064960K
  class space    used 1478K, capacity 1553K, committed 1664K, reserved 1048576K
}
Event: 4.891 GC heap before
{Heap before GC invocations=14 (full 0):
 garbage-first heap   total 245760K, used 169984K [0x00000000a8a00000, 0x0000000100000000)
  region size 1024K, 80 young (81920K), 7 survivors (7168K)
 Metaspace       used 16485K, capacity 16663K, committed 17024K, reserved 1064960K
  class space    used 1478K, capacity 1553K, committed 1664K, reserved 1048576K
}
Event: 4.917 GC heap after
{Heap after GC invocations=15 (full 0):
 garbage-first heap   total 245760K, used 99744K [0x00000000a8a00000, 0x0000000100000000)
  region size 1024K, 10 young (10240K), 10 survivors (10240K)
 Metaspace       used 16485K, capacity 16663K, committed 17024K, reserved 1064960K
  class space    used 1478K, capacity 1553K, committed 1664K, reserved 1048576K
}
Event: 5.193 GC heap before
{Heap before GC invocations=15 (full 0):
 garbage-first heap   total 245760K, used 173472K [0x00000000a8a00000, 0x0000000100000000)
  region size 1024K, 82 young (83968K), 10 survivors (10240K)
 Metaspace       used 16488K, capacity 16727K, committed 17024K, reserved 1064960K
  class space    used 1478K, capacity 1553K, committed 1664K, reserved 1048576K
}
Event: 5.261 GC heap after
{Heap after GC invocations=16 (full 0):
 garbage-first heap   total 245760K, used 146764K [0x00000000a8a00000, 0x0000000100000000)
  region size 1024K, 11 young (11264K), 11 survivors (11264K)
 Metaspace       used 16488K, capacity 16727K, committed 17024K, reserved 1064960K
  class space    used 1478K, capacity 1553K, committed 1664K, reserved 1048576K
}
Event: 5.441 GC heap before
{Heap before GC invocations=16 (full 0):
 garbage-first heap   total 245760K, used 183628K [0x00000000a8a00000, 0x0000000100000000)
  region size 1024K, 47 young (48128K), 11 survivors (11264K)
 Metaspace       used 16488K, capacity 16727K, committed 17024K, reserved 1064960K
  class space    used 1478K, capacity 1553K, committed 1664K, reserved 1048576K
}
Event: 5.472 GC heap after
{Heap after GC invocations=17 (full 0):
 garbage-first heap   total 245760K, used 172544K [0x00000000a8a00000, 0x0000000100000000)
  region size 1024K, 6 young (6144K), 6 survivors (6144K)
 Metaspace       used 16488K, capacity 16727K, committed 17024K, reserved 1064960K
  class space    used 1478K, capacity 1553K, committed 1664K, reserved 1048576K
}
Event: 5.563 GC heap before
{Heap before GC invocations=17 (full 0):
 garbage-first heap   total 245760K, used 194048K [0x00000000a8a00000, 0x0000000100000000)
  region size 1024K, 27 young (27648K), 6 survivors (6144K)
 Metaspace       used 16489K, capacity 16727K, committed 17024K, reserved 1064960K
  class space    used 1478K, capacity 1553K, committed 1664K, reserved 1048576K
}

