# JRE version: OpenJDK Runtime Environment (10.0.2+13) (build 10.0.2+13-Ubuntu-1ubuntu0.18.04.4)
# Java VM: OpenJDK 64-Bit Server VM (10.0.2+13-Ubuntu-1ubuntu0.18.04.4, mixed mode, tiered, compressed oops, g1 gc, linux-amd64)
Heap:
 garbage-first heap   total 593920K, used 246272K [0x00000000a8a00000, 0x0000000100000000)
  region size 1024K, 8 young (8192K), 8 survivors (8192K)
 Metaspace       used 16618K, capacity 16793K, committed 17280K, reserved 1064960K
  class space    used 1491K, capacity 1554K, committed 1664K, reserved 1048576K
GC Heap History (10 events):
Event: 7.665 GC heap after
{Heap after GC invocations=13 (full 0):
 garbage-first heap   total 212992K, used 81012K [0x00000000a8a00000, 0x0000000100000000)
  region size 1024K, 10 young (10240K), 10 survivors (10240K)
 Metaspace       used 16532K, capacity 16665K, committed 17024K, reserved 1064960K
  class space    used 1488K, capacity 1554K, committed 1664K, reserved 1048576K
}
Event: 8.010 GC heap before
{Heap before GC invocations=13 (full 0):
 garbage-first heap   total 212992K, used 149620K [0x00000000a8a00000, 0x0000000100000000)
  region size 1024K, 76 young (77824K), 10 survivors (10240K)
 Metaspace       used 16574K, capacity 16793K, committed 17280K, reserved 1064960K
  class space    used 1488K, capacity 1554K, committed 1664K, reserved 1048576K
}
Event: 8.030 GC heap after
{Heap after GC invocations=14 (full 0):
 garbage-first heap   total 384000K, used 93626K [0x00000000a8a00000, 0x0000000100000000)
  region size 1024K, 10 young (10240K), 10 survivors (10240K)
 Metaspace       used 16574K, capacity 16793K, committed 17280K, reserved 1064960K
  class space    used 1488K, capacity 1554K, committed 1664K, reserved 1048576K
}
Event: 8.558 GC heap before
{Heap before GC invocations=14 (full 0):
 garbage-first heap   total 384000K, used 234938K [0x00000000a8a00000, 0x0000000100000000)
  region size 1024K, 140 young (143360K), 10 survivors (10240K)
 Metaspace       used 16580K, capacity 16793K, committed 17280K, reserved 1064960K
  class space    used 1488K, capacity 1554K, committed 1664K, reserved 1048576K
}
Event: 8.629 GC heap after
{Heap after GC invocations=15 (full 0):
 garbage-first heap   total 384000K, used 144074K [0x00000000a8a00000, 0x0000000100000000)
  region size 1024K, 18 young (18432K), 18 survivors (18432K)
 Metaspace       used 16580K, capacity 16793K, committed 17280K, reserved 1064960K
  class space    used 1488K, capacity 1554K, committed 1664K, reserved 1048576K
}
Event: 8.995 GC heap before
{Heap before GC invocations=15 (full 0):
 garbage-first heap   total 384000K, used 253642K [0x00000000a8a00000, 0x0000000100000000)
  region size 1024K, 125 young (128000K), 18 survivors (18432K)
 Metaspace       used 16615K, capacity 16793K, committed 17280K, reserved 1064960K
  class space    used 1491K, capacity 1554K, committed 1664K, reserved 1048576K
}
Event: 9.117 GC heap after
{Heap after GC invocations=16 (full 0):
 garbage-first heap   total 384000K, used 207360K [0x00000000a8a00000, 0x0000000100000000)
  region size 1024K, 16 young (16384K), 16 survivors (16384K)
 Metaspace       used 16615K, capacity 16793K, committed 17280K, reserved 1064960K
  class space    used 1491K, capacity 1554K, committed 1664K, reserved 1048576K
}
Event: 9.210 GC heap before
{Heap before GC invocations=16 (full 0):
 garbage-first heap   total 384000K, used 217600K [0x00000000a8a00000, 0x0000000100000000)
  region size 1024K, 27 young (27648K), 16 survivors (16384K)
 Metaspace       used 16617K, capacity 16793K, committed 17280K, reserved 1064960K
  class space    used 1491K, capacity 1554K, committed 1664K, reserved 1048576K
}
Event: 9.252 GC heap after
{Heap after GC invocations=17 (full 0):
 garbage-first heap   total 384000K, used 210730K [0x00000000a8a00000, 0x0000000100000000)
  region size 1024K, 5 young (5120K), 5 survivors (5120K)
 Metaspace       used 16617K, capacity 16793K, committed 17280K, reserved 1064960K
  class space    used 1491K, capacity 1554K, committed 1664K, reserved 1048576K
}
Event: 9.658 GC heap before
{Heap before GC invocations=17 (full 0):
 garbage-first heap   total 384000K, used 274218K [0x00000000a8a00000, 0x0000000100000000)
  region size 1024K, 58 young (59392K), 5 survivors (5120K)
 Metaspace       used 16618K, capacity 16793K, committed 17280K, reserved 1064960K
  class space    used 1491K, capacity 1554K, committed 1664K, reserved 1048576K
}

