# JRE version: OpenJDK Runtime Environment (8.0_191-b12) (build 1.8.0_191-8u191-b12-0ubuntu0.16.04.1-b12)
# Java VM: OpenJDK 64-Bit Server VM (25.191-b12 mixed mode linux-amd64 compressed oops)
Heap:
 PSYoungGen      total 112640K, used 0K [0x00000000f5b80000, 0x0000000100000000, 0x0000000100000000)
  eden space 56832K, 0% used [0x00000000f5b80000,0x00000000f5b80000,0x00000000f9300000)
  from space 55808K, 0% used [0x00000000fc980000,0x00000000fc980000,0x0000000100000000)
  to   space 55808K, 0% used [0x00000000f9300000,0x00000000f9300000,0x00000000fc980000)
 ParOldGen       total 201728K, used 193835K [0x00000000e1200000, 0x00000000ed700000, 0x00000000f5b80000)
  object space 201728K, 96% used [0x00000000e1200000,0x00000000ecf4acc0,0x00000000ed700000)
 Metaspace       used 12885K, capacity 13098K, committed 13312K, reserved 1060864K
  class space    used 1342K, capacity 1431K, committed 1536K, reserved 1048576K
GC Heap History (10 events):
Event: 20.896 GC heap after
Heap after GC invocations=25 (full 5):
 PSYoungGen      total 112640K, used 8328K [0x00000000f5b80000, 0x0000000100000000, 0x0000000100000000)
  eden space 56832K, 0% used [0x00000000f5b80000,0x00000000f5b80000,0x00000000f9300000)
  from space 55808K, 14% used [0x00000000fc980000,0x00000000fd1a2198,0x0000000100000000)
  to   space 55808K, 0% used [0x00000000f9300000,0x00000000f9300000,0x00000000fc980000)
 ParOldGen       total 201728K, used 155312K [0x00000000e1200000, 0x00000000ed700000, 0x00000000f5b80000)
  object space 201728K, 76% used [0x00000000e1200000,0x00000000ea9ac290,0x00000000ed700000)
 Metaspace       used 12852K, capacity 13098K, committed 13312K, reserved 1060864K
  class space    used 1340K, capacity 1431K, committed 1536K, reserved 1048576K
}
Event: 21.430 GC heap before
{Heap before GC invocations=26 (full 5):
 PSYoungGen      total 112640K, used 65160K [0x00000000f5b80000, 0x0000000100000000, 0x0000000100000000)
  eden space 56832K, 100% used [0x00000000f5b80000,0x00000000f9300000,0x00000000f9300000)
  from space 55808K, 14% used [0x00000000fc980000,0x00000000fd1a2198,0x0000000100000000)
  to   space 55808K, 0% used [0x00000000f9300000,0x00000000f9300000,0x00000000fc980000)
 ParOldGen       total 201728K, used 155312K [0x00000000e1200000, 0x00000000ed700000, 0x00000000f5b80000)
  object space 201728K, 76% used [0x00000000e1200000,0x00000000ea9ac290,0x00000000ed700000)
 Metaspace       used 12865K, capacity 13098K, committed 13312K, reserved 1060864K
  class space    used 1340K, capacity 1431K, committed 1536K, reserved 1048576K
Event: 21.525 GC heap after
Heap after GC invocations=26 (full 5):
 PSYoungGen      total 112640K, used 8070K [0x00000000f5b80000, 0x0000000100000000, 0x0000000100000000)
  eden space 56832K, 0% used [0x00000000f5b80000,0x00000000f5b80000,0x00000000f9300000)
  from space 55808K, 14% used [0x00000000f9300000,0x00000000f9ae1a60,0x00000000fc980000)
  to   space 55808K, 0% used [0x00000000fc980000,0x00000000fc980000,0x0000000100000000)
 ParOldGen       total 201728K, used 163457K [0x00000000e1200000, 0x00000000ed700000, 0x00000000f5b80000)
  object space 201728K, 81% used [0x00000000e1200000,0x00000000eb1a0428,0x00000000ed700000)
 Metaspace       used 12865K, capacity 13098K, committed 13312K, reserved 1060864K
  class space    used 1340K, capacity 1431K, committed 1536K, reserved 1048576K
}
Event: 22.553 GC heap before
{Heap before GC invocations=27 (full 5):
 PSYoungGen      total 112640K, used 64902K [0x00000000f5b80000, 0x0000000100000000, 0x0000000100000000)
  eden space 56832K, 100% used [0x00000000f5b80000,0x00000000f9300000,0x00000000f9300000)
  from space 55808K, 14% used [0x00000000f9300000,0x00000000f9ae1a60,0x00000000fc980000)
  to   space 55808K, 0% used [0x00000000fc980000,0x00000000fc980000,0x0000000100000000)
 ParOldGen       total 201728K, used 163457K [0x00000000e1200000, 0x00000000ed700000, 0x00000000f5b80000)
  object space 201728K, 81% used [0x00000000e1200000,0x00000000eb1a0428,0x00000000ed700000)
 Metaspace       used 12872K, capacity 13098K, committed 13312K, reserved 1060864K
  class space    used 1340K, capacity 1431K, committed 1536K, reserved 1048576K
Event: 22.676 GC heap after
Heap after GC invocations=27 (full 5):
 PSYoungGen      total 112640K, used 8663K [0x00000000f5b80000, 0x0000000100000000, 0x0000000100000000)
  eden space 56832K, 0% used [0x00000000f5b80000,0x00000000f5b80000,0x00000000f9300000)
  from space 55808K, 15% used [0x00000000fc980000,0x00000000fd1f5df0,0x0000000100000000)
  to   space 55808K, 0% used [0x00000000f9300000,0x00000000f9300000,0x00000000fc980000)
 ParOldGen       total 201728K, used 171487K [0x00000000e1200000, 0x00000000ed700000, 0x00000000f5b80000)
  object space 201728K, 85% used [0x00000000e1200000,0x00000000eb977e78,0x00000000ed700000)
 Metaspace       used 12872K, capacity 13098K, committed 13312K, reserved 1060864K
  class space    used 1340K, capacity 1431K, committed 1536K, reserved 1048576K
}
Event: 25.105 GC heap before
{Heap before GC invocations=28 (full 5):
 PSYoungGen      total 112640K, used 65495K [0x00000000f5b80000, 0x0000000100000000, 0x0000000100000000)
  eden space 56832K, 100% used [0x00000000f5b80000,0x00000000f9300000,0x00000000f9300000)
  from space 55808K, 15% used [0x00000000fc980000,0x00000000fd1f5df0,0x0000000100000000)
  to   space 55808K, 0% used [0x00000000f9300000,0x00000000f9300000,0x00000000fc980000)
 ParOldGen       total 201728K, used 171487K [0x00000000e1200000, 0x00000000ed700000, 0x00000000f5b80000)
  object space 201728K, 85% used [0x00000000e1200000,0x00000000eb977e78,0x00000000ed700000)
 Metaspace       used 12877K, capacity 13098K, committed 13312K, reserved 1060864K
  class space    used 1340K, capacity 1431K, committed 1536K, reserved 1048576K
Event: 25.247 GC heap after
Heap after GC invocations=28 (full 5):
 PSYoungGen      total 112640K, used 9041K [0x00000000f5b80000, 0x0000000100000000, 0x0000000100000000)
  eden space 56832K, 0% used [0x00000000f5b80000,0x00000000f5b80000,0x00000000f9300000)
  from space 55808K, 16% used [0x00000000f9300000,0x00000000f9bd4470,0x00000000fc980000)
  to   space 55808K, 0% used [0x00000000fc980000,0x00000000fc980000,0x0000000100000000)
 ParOldGen       total 201728K, used 179805K [0x00000000e1200000, 0x00000000ed700000, 0x00000000f5b80000)
  object space 201728K, 89% used [0x00000000e1200000,0x00000000ec1977d8,0x00000000ed700000)
 Metaspace       used 12877K, capacity 13098K, committed 13312K, reserved 1060864K
  class space    used 1340K, capacity 1431K, committed 1536K, reserved 1048576K
}
Event: 31.751 GC heap before
{Heap before GC invocations=29 (full 5):
 PSYoungGen      total 112640K, used 65873K [0x00000000f5b80000, 0x0000000100000000, 0x0000000100000000)
  eden space 56832K, 100% used [0x00000000f5b80000,0x00000000f9300000,0x00000000f9300000)
  from space 55808K, 16% used [0x00000000f9300000,0x00000000f9bd4470,0x00000000fc980000)
  to   space 55808K, 0% used [0x00000000fc980000,0x00000000fc980000,0x0000000100000000)
 ParOldGen       total 201728K, used 179805K [0x00000000e1200000, 0x00000000ed700000, 0x00000000f5b80000)
  object space 201728K, 89% used [0x00000000e1200000,0x00000000ec1977d8,0x00000000ed700000)
 Metaspace       used 12885K, capacity 13098K, committed 13312K, reserved 1060864K
  class space    used 1342K, capacity 1431K, committed 1536K, reserved 1048576K
Event: 32.223 GC heap after
Heap after GC invocations=29 (full 5):
 PSYoungGen      total 112640K, used 7698K [0x00000000f5b80000, 0x0000000100000000, 0x0000000100000000)
  eden space 56832K, 0% used [0x00000000f5b80000,0x00000000f5b80000,0x00000000f9300000)
  from space 55808K, 13% used [0x00000000fc980000,0x00000000fd104af0,0x0000000100000000)
  to   space 55808K, 0% used [0x00000000f9300000,0x00000000f9300000,0x00000000fc980000)
 ParOldGen       total 201728K, used 188648K [0x00000000e1200000, 0x00000000ed700000, 0x00000000f5b80000)
  object space 201728K, 93% used [0x00000000e1200000,0x00000000eca3a230,0x00000000ed700000)
 Metaspace       used 12885K, capacity 13098K, committed 13312K, reserved 1060864K
  class space    used 1342K, capacity 1431K, committed 1536K, reserved 1048576K
}
Event: 32.231 GC heap before
{Heap before GC invocations=30 (full 6):
 PSYoungGen      total 112640K, used 7698K [0x00000000f5b80000, 0x0000000100000000, 0x0000000100000000)
  eden space 56832K, 0% used [0x00000000f5b80000,0x00000000f5b80000,0x00000000f9300000)
  from space 55808K, 13% used [0x00000000fc980000,0x00000000fd104af0,0x0000000100000000)
  to   space 55808K, 0% used [0x00000000f9300000,0x00000000f9300000,0x00000000fc980000)
 ParOldGen       total 201728K, used 188648K [0x00000000e1200000, 0x00000000ed700000, 0x00000000f5b80000)
  object space 201728K, 93% used [0x00000000e1200000,0x00000000eca3a230,0x00000000ed700000)
 Metaspace       used 12885K, capacity 13098K, committed 13312K, reserved 1060864K
  class space    used 1342K, capacity 1431K, committed 1536K, reserved 1048576K

