# JRE version: OpenJDK Runtime Environment (10.0.2+13) (build 10.0.2+13-Ubuntu-1ubuntu0.18.04.2)
# Java VM: OpenJDK 64-Bit Server VM (10.0.2+13-Ubuntu-1ubuntu0.18.04.2, mixed mode, tiered, compressed oops, g1 gc, linux-amd64)
Heap:
 garbage-first heap   total 739328K, used 248944K [0x00000000a8a00000, 0x0000000100000000)
  region size 1024K, 17 young (17408K), 17 survivors (17408K)
 Metaspace       used 16586K, capacity 16791K, committed 17280K, reserved 1064960K
  class space    used 1485K, capacity 1553K, committed 1664K, reserved 1048576K
GC Heap History (10 events):
Event: 7.651 GC heap after
{Heap after GC invocations=17 (full 0):
 garbage-first heap   total 319488K, used 198656K [0x00000000a8a00000, 0x0000000100000000)
  region size 1024K, 9 young (9216K), 9 survivors (9216K)
 Metaspace       used 16504K, capacity 16726K, committed 17024K, reserved 1064960K
  class space    used 1478K, capacity 1553K, committed 1664K, reserved 1048576K
}
Event: 7.947 GC heap before
{Heap before GC invocations=18 (full 0):
 garbage-first heap   total 319488K, used 237568K [0x00000000a8a00000, 0x0000000100000000)
  region size 1024K, 49 young (50176K), 9 survivors (9216K)
 Metaspace       used 16537K, capacity 16726K, committed 17024K, reserved 1064960K
  class space    used 1481K, capacity 1553K, committed 1664K, reserved 1048576K
}
Event: 7.967 GC heap after
{Heap after GC invocations=19 (full 0):
 garbage-first heap   total 518144K, used 214016K [0x00000000a8a00000, 0x0000000100000000)
  region size 1024K, 7 young (7168K), 7 survivors (7168K)
 Metaspace       used 16537K, capacity 16726K, committed 17024K, reserved 1064960K
  class space    used 1481K, capacity 1553K, committed 1664K, reserved 1048576K
}
Event: 8.693 GC heap before
{Heap before GC invocations=19 (full 0):
 garbage-first heap   total 518144K, used 336896K [0x00000000a8a00000, 0x0000000100000000)
  region size 1024K, 118 young (120832K), 7 survivors (7168K)
 Metaspace       used 16545K, capacity 16727K, committed 17024K, reserved 1064960K
  class space    used 1482K, capacity 1553K, committed 1664K, reserved 1048576K
}
Event: 8.725 GC heap after
{Heap after GC invocations=20 (full 0):
 garbage-first heap   total 518144K, used 233472K [0x00000000a8a00000, 0x0000000100000000)
  region size 1024K, 15 young (15360K), 15 survivors (15360K)
 Metaspace       used 16545K, capacity 16727K, committed 17024K, reserved 1064960K
  class space    used 1482K, capacity 1553K, committed 1664K, reserved 1048576K
}
Event: 9.208 GC heap before
{Heap before GC invocations=20 (full 0):
 garbage-first heap   total 518144K, used 352256K [0x00000000a8a00000, 0x0000000100000000)
  region size 1024K, 131 young (134144K), 15 survivors (15360K)
 Metaspace       used 16558K, capacity 16791K, committed 17280K, reserved 1064960K
  class space    used 1482K, capacity 1553K, committed 1664K, reserved 1048576K
}
Event: 9.238 GC heap after
{Heap after GC invocations=21 (full 0):
 garbage-first heap   total 518144K, used 250764K [0x00000000a8a00000, 0x0000000100000000)
  region size 1024K, 17 young (17408K), 17 survivors (17408K)
 Metaspace       used 16558K, capacity 16791K, committed 17280K, reserved 1064960K
  class space    used 1482K, capacity 1553K, committed 1664K, reserved 1048576K
}
Event: 10.418 GC heap before
{Heap before GC invocations=21 (full 0):
 garbage-first heap   total 518144K, used 369548K [0x00000000a8a00000, 0x0000000100000000)
  region size 1024K, 133 young (136192K), 17 survivors (17408K)
 Metaspace       used 16568K, capacity 16791K, committed 17280K, reserved 1064960K
  class space    used 1482K, capacity 1553K, committed 1664K, reserved 1048576K
}
Event: 10.717 GC heap after
{Heap after GC invocations=22 (full 0):
 garbage-first heap   total 518144K, used 268642K [0x00000000a8a00000, 0x0000000100000000)
  region size 1024K, 17 young (17408K), 17 survivors (17408K)
 Metaspace       used 16568K, capacity 16791K, committed 17280K, reserved 1064960K
  class space    used 1482K, capacity 1553K, committed 1664K, reserved 1048576K
}
Event: 12.873 GC heap before
{Heap before GC invocations=23 (full 0):
 garbage-first heap   total 518144K, used 350562K [0x00000000a8a00000, 0x0000000100000000)
  region size 1024K, 131 young (134144K), 17 survivors (17408K)
 Metaspace       used 16586K, capacity 16791K, committed 17280K, reserved 1064960K
  class space    used 1485K, capacity 1553K, committed 1664K, reserved 1048576K
}

