# JRE version: OpenJDK Runtime Environment (10.0.2+13) (build 10.0.2+13-Ubuntu-1ubuntu0.18.04.4)
# Java VM: OpenJDK 64-Bit Server VM (10.0.2+13-Ubuntu-1ubuntu0.18.04.4, mixed mode, tiered, compressed oops, g1 gc, linux-amd64)
Heap:
 garbage-first heap   total 925696K, used 282563K [0x00000000a8a00000, 0x0000000100000000)
  region size 1024K, 19 young (19456K), 19 survivors (19456K)
 Metaspace       used 16688K, capacity 16858K, committed 17280K, reserved 1064960K
  class space    used 1495K, capacity 1554K, committed 1664K, reserved 1048576K
GC Heap History (10 events):
Event: 5.651 GC heap after
{Heap after GC invocations=18 (full 0):
 garbage-first heap   total 352256K, used 176389K [0x00000000a8a00000, 0x0000000100000000)
  region size 1024K, 17 young (17408K), 17 survivors (17408K)
 Metaspace       used 16543K, capacity 16665K, committed 17024K, reserved 1064960K
  class space    used 1488K, capacity 1554K, committed 1664K, reserved 1048576K
}
Event: 5.960 GC heap before
{Heap before GC invocations=18 (full 0):
 garbage-first heap   total 352256K, used 242949K [0x00000000a8a00000, 0x0000000100000000)
  region size 1024K, 82 young (83968K), 17 survivors (17408K)
 Metaspace       used 16577K, capacity 16793K, committed 17280K, reserved 1064960K
  class space    used 1491K, capacity 1554K, committed 1664K, reserved 1048576K
}
Event: 6.053 GC heap after
{Heap after GC invocations=19 (full 0):
 garbage-first heap   total 602112K, used 212479K [0x00000000a8a00000, 0x0000000100000000)
  region size 1024K, 11 young (11264K), 11 survivors (11264K)
 Metaspace       used 16577K, capacity 16793K, committed 17280K, reserved 1064960K
  class space    used 1491K, capacity 1554K, committed 1664K, reserved 1048576K
}
Event: 7.102 GC heap before
{Heap before GC invocations=20 (full 0):
 garbage-first heap   total 602112K, used 354815K [0x00000000a8a00000, 0x0000000100000000)
  region size 1024K, 145 young (148480K), 11 survivors (11264K)
 Metaspace       used 16638K, capacity 16794K, committed 17280K, reserved 1064960K
  class space    used 1492K, capacity 1554K, committed 1664K, reserved 1048576K
}
Event: 7.271 GC heap after
{Heap after GC invocations=21 (full 0):
 garbage-first heap   total 602112K, used 230911K [0x00000000a8a00000, 0x0000000100000000)
  region size 1024K, 19 young (19456K), 19 survivors (19456K)
 Metaspace       used 16638K, capacity 16794K, committed 17280K, reserved 1064960K
  class space    used 1492K, capacity 1554K, committed 1664K, reserved 1048576K
}
Event: 7.660 GC heap before
{Heap before GC invocations=21 (full 0):
 garbage-first heap   total 602112K, used 319999K [0x00000000a8a00000, 0x0000000100000000)
  region size 1024K, 106 young (108544K), 19 survivors (19456K)
 Metaspace       used 16641K, capacity 16794K, committed 17280K, reserved 1064960K
  class space    used 1492K, capacity 1554K, committed 1664K, reserved 1048576K
}
Event: 7.692 GC heap after
{Heap after GC invocations=22 (full 0):
 garbage-first heap   total 602112K, used 246512K [0x00000000a8a00000, 0x0000000100000000)
  region size 1024K, 14 young (14336K), 14 survivors (14336K)
 Metaspace       used 16641K, capacity 16794K, committed 17280K, reserved 1064960K
  class space    used 1492K, capacity 1554K, committed 1664K, reserved 1048576K
}
Event: 8.548 GC heap before
{Heap before GC invocations=22 (full 0):
 garbage-first heap   total 602112K, used 363248K [0x00000000a8a00000, 0x0000000100000000)
  region size 1024K, 128 young (131072K), 14 survivors (14336K)
 Metaspace       used 16656K, capacity 16858K, committed 17280K, reserved 1064960K
  class space    used 1492K, capacity 1554K, committed 1664K, reserved 1048576K
}
Event: 8.994 GC heap after
{Heap after GC invocations=23 (full 0):
 garbage-first heap   total 602112K, used 262050K [0x00000000a8a00000, 0x0000000100000000)
  region size 1024K, 16 young (16384K), 16 survivors (16384K)
 Metaspace       used 16656K, capacity 16858K, committed 17280K, reserved 1064960K
  class space    used 1492K, capacity 1554K, committed 1664K, reserved 1048576K
}
Event: 10.985 GC heap before
{Heap before GC invocations=23 (full 0):
 garbage-first heap   total 602112K, used 400290K [0x00000000a8a00000, 0x0000000100000000)
  region size 1024K, 149 young (152576K), 16 survivors (16384K)
 Metaspace       used 16688K, capacity 16858K, committed 17280K, reserved 1064960K
  class space    used 1495K, capacity 1554K, committed 1664K, reserved 1048576K
}

