# JRE version: OpenJDK Runtime Environment (10.0.2+13) (build 10.0.2+13-Ubuntu-1ubuntu0.18.04.2)
# Java VM: OpenJDK 64-Bit Server VM (10.0.2+13-Ubuntu-1ubuntu0.18.04.2, mixed mode, tiered, compressed oops, g1 gc, linux-amd64)
Heap:
 garbage-first heap   total 737280K, used 230424K [0x00000000a8a00000, 0x0000000100000000)
  region size 1024K, 13 young (13312K), 13 survivors (13312K)
 Metaspace       used 16537K, capacity 16727K, committed 17024K, reserved 1064960K
  class space    used 1482K, capacity 1553K, committed 1664K, reserved 1048576K
GC Heap History (10 events):
Event: 5.690 GC heap after
{Heap after GC invocations=18 (full 0):
 garbage-first heap   total 244736K, used 129024K [0x00000000a8a00000, 0x0000000100000000)
  region size 1024K, 10 young (10240K), 10 survivors (10240K)
 Metaspace       used 16445K, capacity 16598K, committed 17024K, reserved 1064960K
  class space    used 1478K, capacity 1553K, committed 1664K, reserved 1048576K
}
Event: 5.905 GC heap before
{Heap before GC invocations=18 (full 0):
 garbage-first heap   total 244736K, used 176128K [0x00000000a8a00000, 0x0000000100000000)
  region size 1024K, 56 young (57344K), 10 survivors (10240K)
 Metaspace       used 16446K, capacity 16598K, committed 17024K, reserved 1064960K
  class space    used 1478K, capacity 1553K, committed 1664K, reserved 1048576K
}
Event: 5.981 GC heap after
{Heap after GC invocations=19 (full 0):
 garbage-first heap   total 482304K, used 160627K [0x00000000a8a00000, 0x0000000100000000)
  region size 1024K, 7 young (7168K), 7 survivors (7168K)
 Metaspace       used 16446K, capacity 16598K, committed 17024K, reserved 1064960K
  class space    used 1478K, capacity 1553K, committed 1664K, reserved 1048576K
}
Event: 6.894 GC heap before
{Heap before GC invocations=20 (full 0):
 garbage-first heap   total 482304K, used 265075K [0x00000000a8a00000, 0x0000000100000000)
  region size 1024K, 109 young (111616K), 7 survivors (7168K)
 Metaspace       used 16476K, capacity 16662K, committed 17024K, reserved 1064960K
  class space    used 1481K, capacity 1553K, committed 1664K, reserved 1048576K
}
Event: 6.981 GC heap after
{Heap after GC invocations=21 (full 0):
 garbage-first heap   total 482304K, used 219648K [0x00000000a8a00000, 0x0000000100000000)
  region size 1024K, 14 young (14336K), 14 survivors (14336K)
 Metaspace       used 16476K, capacity 16662K, committed 17024K, reserved 1064960K
  class space    used 1481K, capacity 1553K, committed 1664K, reserved 1048576K
}
Event: 7.702 GC heap before
{Heap before GC invocations=21 (full 0):
 garbage-first heap   total 482304K, used 314880K [0x00000000a8a00000, 0x0000000100000000)
  region size 1024K, 98 young (100352K), 14 survivors (14336K)
 Metaspace       used 16514K, capacity 16663K, committed 17024K, reserved 1064960K
  class space    used 1482K, capacity 1553K, committed 1664K, reserved 1048576K
}
Event: 7.801 GC heap after
{Heap after GC invocations=22 (full 0):
 garbage-first heap   total 482304K, used 235008K [0x00000000a8a00000, 0x0000000100000000)
  region size 1024K, 13 young (13312K), 13 survivors (13312K)
 Metaspace       used 16514K, capacity 16663K, committed 17024K, reserved 1064960K
  class space    used 1482K, capacity 1553K, committed 1664K, reserved 1048576K
}
Event: 8.509 GC heap before
{Heap before GC invocations=22 (full 0):
 garbage-first heap   total 482304K, used 322048K [0x00000000a8a00000, 0x0000000100000000)
  region size 1024K, 98 young (100352K), 13 survivors (13312K)
 Metaspace       used 16537K, capacity 16727K, committed 17024K, reserved 1064960K
  class space    used 1482K, capacity 1553K, committed 1664K, reserved 1048576K
}
Event: 8.568 GC heap after
{Heap after GC invocations=23 (full 0):
 garbage-first heap   total 482304K, used 249327K [0x00000000a8a00000, 0x0000000100000000)
  region size 1024K, 13 young (13312K), 13 survivors (13312K)
 Metaspace       used 16537K, capacity 16727K, committed 17024K, reserved 1064960K
  class space    used 1482K, capacity 1553K, committed 1664K, reserved 1048576K
}
Event: 10.579 GC heap before
{Heap before GC invocations=24 (full 0):
 garbage-first heap   total 482304K, used 306671K [0x00000000a8a00000, 0x0000000100000000)
  region size 1024K, 100 young (102400K), 13 survivors (13312K)
 Metaspace       used 16537K, capacity 16727K, committed 17024K, reserved 1064960K
  class space    used 1482K, capacity 1553K, committed 1664K, reserved 1048576K
}

