# JRE version: OpenJDK Runtime Environment (10.0.2+13) (build 10.0.2+13-Ubuntu-1ubuntu0.18.04.2)
# Java VM: OpenJDK 64-Bit Server VM (10.0.2+13-Ubuntu-1ubuntu0.18.04.2, mixed mode, tiered, compressed oops, g1 gc, linux-amd64)
Heap:
 garbage-first heap   total 570368K, used 210944K [0x00000000a8a00000, 0x0000000100000000)
  region size 1024K, 9 young (9216K), 9 survivors (9216K)
 Metaspace       used 16505K, capacity 16663K, committed 17024K, reserved 1064960K
  class space    used 1481K, capacity 1553K, committed 1664K, reserved 1048576K
GC Heap History (10 events):
Event: 6.298 GC heap after
{Heap after GC invocations=14 (full 0):
 garbage-first heap   total 177152K, used 66922K [0x00000000a8a00000, 0x0000000100000000)
  region size 1024K, 8 young (8192K), 8 survivors (8192K)
 Metaspace       used 16401K, capacity 16599K, committed 17024K, reserved 1064960K
  class space    used 1478K, capacity 1553K, committed 1664K, reserved 1048576K
}
Event: 6.712 GC heap before
{Heap before GC invocations=14 (full 0):
 garbage-first heap   total 177152K, used 118122K [0x00000000a8a00000, 0x0000000100000000)
  region size 1024K, 58 young (59392K), 8 survivors (8192K)
 Metaspace       used 16402K, capacity 16599K, committed 17024K, reserved 1064960K
  class space    used 1478K, capacity 1553K, committed 1664K, reserved 1048576K
}
Event: 6.743 GC heap after
{Heap after GC invocations=15 (full 0):
 garbage-first heap   total 354304K, used 74070K [0x00000000a8a00000, 0x0000000100000000)
  region size 1024K, 8 young (8192K), 8 survivors (8192K)
 Metaspace       used 16402K, capacity 16599K, committed 17024K, reserved 1064960K
  class space    used 1478K, capacity 1553K, committed 1664K, reserved 1048576K
}
Event: 7.361 GC heap before
{Heap before GC invocations=15 (full 0):
 garbage-first heap   total 354304K, used 185686K [0x00000000a8a00000, 0x0000000100000000)
  region size 1024K, 116 young (118784K), 8 survivors (8192K)
 Metaspace       used 16460K, capacity 16663K, committed 17024K, reserved 1064960K
  class space    used 1478K, capacity 1553K, committed 1664K, reserved 1048576K
}
Event: 7.398 GC heap after
{Heap after GC invocations=16 (full 0):
 garbage-first heap   total 354304K, used 103356K [0x00000000a8a00000, 0x0000000100000000)
  region size 1024K, 15 young (15360K), 15 survivors (15360K)
 Metaspace       used 16460K, capacity 16663K, committed 17024K, reserved 1064960K
  class space    used 1478K, capacity 1553K, committed 1664K, reserved 1048576K
}
Event: 7.859 GC heap before
{Heap before GC invocations=16 (full 0):
 garbage-first heap   total 354304K, used 235452K [0x00000000a8a00000, 0x0000000100000000)
  region size 1024K, 136 young (139264K), 15 survivors (15360K)
 Metaspace       used 16466K, capacity 16663K, committed 17024K, reserved 1064960K
  class space    used 1478K, capacity 1553K, committed 1664K, reserved 1048576K
}
Event: 7.913 GC heap after
{Heap after GC invocations=17 (full 0):
 garbage-first heap   total 354304K, used 144384K [0x00000000a8a00000, 0x0000000100000000)
  region size 1024K, 17 young (17408K), 17 survivors (17408K)
 Metaspace       used 16466K, capacity 16663K, committed 17024K, reserved 1064960K
  class space    used 1478K, capacity 1553K, committed 1664K, reserved 1048576K
}
Event: 8.138 GC heap before
{Heap before GC invocations=17 (full 0):
 garbage-first heap   total 354304K, used 242688K [0x00000000a8a00000, 0x0000000100000000)
  region size 1024K, 113 young (115712K), 17 survivors (17408K)
 Metaspace       used 16468K, capacity 16663K, committed 17024K, reserved 1064960K
  class space    used 1478K, capacity 1553K, committed 1664K, reserved 1048576K
}
Event: 8.222 GC heap after
{Heap after GC invocations=18 (full 0):
 garbage-first heap   total 354304K, used 204800K [0x00000000a8a00000, 0x0000000100000000)
  region size 1024K, 15 young (15360K), 15 survivors (15360K)
 Metaspace       used 16468K, capacity 16663K, committed 17024K, reserved 1064960K
  class space    used 1478K, capacity 1553K, committed 1664K, reserved 1048576K
}
Event: 8.689 GC heap before
{Heap before GC invocations=18 (full 0):
 garbage-first heap   total 354304K, used 250880K [0x00000000a8a00000, 0x0000000100000000)
  region size 1024K, 61 young (62464K), 15 survivors (15360K)
 Metaspace       used 16505K, capacity 16663K, committed 17024K, reserved 1064960K
  class space    used 1481K, capacity 1553K, committed 1664K, reserved 1048576K
}

