# JRE version: OpenJDK Runtime Environment (10.0.2+13) (build 10.0.2+13-Ubuntu-1ubuntu0.18.04.2)
# Java VM: OpenJDK 64-Bit Server VM (10.0.2+13-Ubuntu-1ubuntu0.18.04.2, mixed mode, tiered, compressed oops, g1 gc, linux-amd64)
Heap:
 garbage-first heap   total 866304K, used 258048K [0x00000000a8a00000, 0x0000000100000000)
  region size 1024K, 12 young (12288K), 12 survivors (12288K)
 Metaspace       used 16516K, capacity 16727K, committed 17024K, reserved 1064960K
  class space    used 1482K, capacity 1553K, committed 1664K, reserved 1048576K
GC Heap History (10 events):
Event: 7.214 GC heap after
{Heap after GC invocations=18 (full 0):
 garbage-first heap   total 253952K, used 119232K [0x00000000a8a00000, 0x0000000100000000)
  region size 1024K, 10 young (10240K), 10 survivors (10240K)
 Metaspace       used 16442K, capacity 16598K, committed 17024K, reserved 1064960K
  class space    used 1478K, capacity 1553K, committed 1664K, reserved 1048576K
}
Event: 7.355 GC heap before
{Heap before GC invocations=18 (full 0):
 garbage-first heap   total 253952K, used 144832K [0x00000000a8a00000, 0x0000000100000000)
  region size 1024K, 33 young (33792K), 10 survivors (10240K)
 Metaspace       used 16442K, capacity 16598K, committed 17024K, reserved 1064960K
  class space    used 1478K, capacity 1553K, committed 1664K, reserved 1048576K
}
Event: 7.396 GC heap after
{Heap after GC invocations=19 (full 0):
 garbage-first heap   total 489472K, used 126423K [0x00000000a8a00000, 0x0000000100000000)
  region size 1024K, 5 young (5120K), 5 survivors (5120K)
 Metaspace       used 16442K, capacity 16598K, committed 17024K, reserved 1064960K
  class space    used 1478K, capacity 1553K, committed 1664K, reserved 1048576K
}
Event: 7.900 GC heap before
{Heap before GC invocations=20 (full 0):
 garbage-first heap   total 489472K, used 250327K [0x00000000a8a00000, 0x0000000100000000)
  region size 1024K, 123 young (125952K), 5 survivors (5120K)
 Metaspace       used 16445K, capacity 16598K, committed 17024K, reserved 1064960K
  class space    used 1478K, capacity 1553K, committed 1664K, reserved 1048576K
}
Event: 8.018 GC heap after
{Heap after GC invocations=21 (full 0):
 garbage-first heap   total 489472K, used 199461K [0x00000000a8a00000, 0x0000000100000000)
  region size 1024K, 16 young (16384K), 16 survivors (16384K)
 Metaspace       used 16445K, capacity 16598K, committed 17024K, reserved 1064960K
  class space    used 1478K, capacity 1553K, committed 1664K, reserved 1048576K
}
Event: 8.080 GC heap before
{Heap before GC invocations=21 (full 0):
 garbage-first heap   total 489472K, used 206629K [0x00000000a8a00000, 0x0000000100000000)
  region size 1024K, 23 young (23552K), 16 survivors (16384K)
 Metaspace       used 16445K, capacity 16598K, committed 17024K, reserved 1064960K
  class space    used 1478K, capacity 1553K, committed 1664K, reserved 1048576K
}
Event: 8.371 GC heap after
{Heap after GC invocations=22 (full 0):
 garbage-first heap   total 489472K, used 197632K [0x00000000a8a00000, 0x0000000100000000)
  region size 1024K, 3 young (3072K), 3 survivors (3072K)
 Metaspace       used 16445K, capacity 16598K, committed 17024K, reserved 1064960K
  class space    used 1478K, capacity 1553K, committed 1664K, reserved 1048576K
}
Event: 11.829 GC heap before
{Heap before GC invocations=22 (full 0):
 garbage-first heap   total 489472K, used 301056K [0x00000000a8a00000, 0x0000000100000000)
  region size 1024K, 95 young (97280K), 3 survivors (3072K)
 Metaspace       used 16480K, capacity 16662K, committed 17024K, reserved 1064960K
  class space    used 1481K, capacity 1553K, committed 1664K, reserved 1048576K
}
Event: 11.941 GC heap after
{Heap after GC invocations=23 (full 0):
 garbage-first heap   total 489472K, used 243200K [0x00000000a8a00000, 0x0000000100000000)
  region size 1024K, 12 young (12288K), 12 survivors (12288K)
 Metaspace       used 16480K, capacity 16662K, committed 17024K, reserved 1064960K
  class space    used 1481K, capacity 1553K, committed 1664K, reserved 1048576K
}
Event: 12.685 GC heap before
{Heap before GC invocations=23 (full 0):
 garbage-first heap   total 489472K, used 327168K [0x00000000a8a00000, 0x0000000100000000)
  region size 1024K, 94 young (96256K), 12 survivors (12288K)
 Metaspace       used 16516K, capacity 16727K, committed 17024K, reserved 1064960K
  class space    used 1482K, capacity 1553K, committed 1664K, reserved 1048576K
}

