# JRE version: OpenJDK Runtime Environment (10.0.2+13) (build 10.0.2+13-Ubuntu-1ubuntu0.18.04.4)
# Java VM: OpenJDK 64-Bit Server VM (10.0.2+13-Ubuntu-1ubuntu0.18.04.4, mixed mode, tiered, compressed oops, g1 gc, linux-amd64)
Heap:
 garbage-first heap   total 493568K, used 132399K [0x00000000a8a00000, 0x0000000100000000)
  region size 1024K, 8 young (8192K), 8 survivors (8192K)
 Metaspace       used 16565K, capacity 16729K, committed 17024K, reserved 1064960K
  class space    used 1488K, capacity 1554K, committed 1664K, reserved 1048576K
GC Heap History (10 events):
Event: 5.299 GC heap after
{Heap after GC invocations=13 (full 0):
 garbage-first heap   total 163840K, used 80649K [0x00000000a8a00000, 0x0000000100000000)
  region size 1024K, 6 young (6144K), 6 survivors (6144K)
 Metaspace       used 16539K, capacity 16729K, committed 17024K, reserved 1064960K
  class space    used 1488K, capacity 1554K, committed 1664K, reserved 1048576K
}
Event: 5.469 GC heap before
{Heap before GC invocations=13 (full 0):
 garbage-first heap   total 163840K, used 121609K [0x00000000a8a00000, 0x0000000100000000)
  region size 1024K, 46 young (47104K), 6 survivors (6144K)
 Metaspace       used 16548K, capacity 16729K, committed 17024K, reserved 1064960K
  class space    used 1488K, capacity 1554K, committed 1664K, reserved 1048576K
}
Event: 5.482 GC heap after
{Heap after GC invocations=14 (full 0):
 garbage-first heap   total 244736K, used 85190K [0x00000000a8a00000, 0x0000000100000000)
  region size 1024K, 6 young (6144K), 6 survivors (6144K)
 Metaspace       used 16548K, capacity 16729K, committed 17024K, reserved 1064960K
  class space    used 1488K, capacity 1554K, committed 1664K, reserved 1048576K
}
Event: 5.983 GC heap before
{Heap before GC invocations=15 (full 0):
 garbage-first heap   total 244736K, used 151750K [0x00000000a8a00000, 0x0000000100000000)
  region size 1024K, 70 young (71680K), 6 survivors (6144K)
 Metaspace       used 16548K, capacity 16729K, committed 17024K, reserved 1064960K
  class space    used 1488K, capacity 1554K, committed 1664K, reserved 1048576K
}
Event: 6.045 GC heap after
{Heap after GC invocations=16 (full 0):
 garbage-first heap   total 244736K, used 102501K [0x00000000a8a00000, 0x0000000100000000)
  region size 1024K, 9 young (9216K), 9 survivors (9216K)
 Metaspace       used 16548K, capacity 16729K, committed 17024K, reserved 1064960K
  class space    used 1488K, capacity 1554K, committed 1664K, reserved 1048576K
}
Event: 6.058 GC heap before
{Heap before GC invocations=16 (full 0):
 garbage-first heap   total 244736K, used 104549K [0x00000000a8a00000, 0x0000000100000000)
  region size 1024K, 11 young (11264K), 9 survivors (9216K)
 Metaspace       used 16548K, capacity 16729K, committed 17024K, reserved 1064960K
  class space    used 1488K, capacity 1554K, committed 1664K, reserved 1048576K
}
Event: 6.100 GC heap after
{Heap after GC invocations=17 (full 0):
 garbage-first heap   total 244736K, used 100187K [0x00000000a8a00000, 0x0000000100000000)
  region size 1024K, 2 young (2048K), 2 survivors (2048K)
 Metaspace       used 16548K, capacity 16729K, committed 17024K, reserved 1064960K
  class space    used 1488K, capacity 1554K, committed 1664K, reserved 1048576K
}
Event: 6.428 GC heap before
{Heap before GC invocations=17 (full 0):
 garbage-first heap   total 244736K, used 165723K [0x00000000a8a00000, 0x0000000100000000)
  region size 1024K, 66 young (67584K), 2 survivors (2048K)
 Metaspace       used 16565K, capacity 16729K, committed 17024K, reserved 1064960K
  class space    used 1488K, capacity 1554K, committed 1664K, reserved 1048576K
}
Event: 6.459 GC heap after
{Heap after GC invocations=18 (full 0):
 garbage-first heap   total 244736K, used 121856K [0x00000000a8a00000, 0x0000000100000000)
  region size 1024K, 9 young (9216K), 9 survivors (9216K)
 Metaspace       used 16565K, capacity 16729K, committed 17024K, reserved 1064960K
  class space    used 1488K, capacity 1554K, committed 1664K, reserved 1048576K
}
Event: 6.630 GC heap before
{Heap before GC invocations=18 (full 0):
 garbage-first heap   total 244736K, used 156672K [0x00000000a8a00000, 0x0000000100000000)
  region size 1024K, 44 young (45056K), 9 survivors (9216K)
 Metaspace       used 16565K, capacity 16729K, committed 17024K, reserved 1064960K
  class space    used 1488K, capacity 1554K, committed 1664K, reserved 1048576K
}

