# JRE version: OpenJDK Runtime Environment (8.0_191-b12) (build 1.8.0_191-8u191-b12-0ubuntu0.16.04.1-b12)
# Java VM: OpenJDK 64-Bit Server VM (25.191-b12 mixed mode linux-amd64 compressed oops)
Heap:
 PSYoungGen      total 169984K, used 67951K [0x00000000f0780000, 0x0000000100000000, 0x0000000100000000)
  eden space 85504K, 0% used [0x00000000f0780000,0x00000000f0780000,0x00000000f5b00000)
  from space 84480K, 80% used [0x00000000fad80000,0x00000000fefdbc08,0x0000000100000000)
  to   space 84480K, 0% used [0x00000000f5b00000,0x00000000f5b00000,0x00000000fad80000)
 ParOldGen       total 317952K, used 317926K [0x00000000d1600000, 0x00000000e4c80000, 0x00000000f0780000)
  object space 317952K, 99% used [0x00000000d1600000,0x00000000e4c79a48,0x00000000e4c80000)
 Metaspace       used 12962K, capacity 13174K, committed 13312K, reserved 1060864K
  class space    used 1345K, capacity 1431K, committed 1536K, reserved 1048576K
GC Heap History (10 events):
Event: 31.637 GC heap after
Heap after GC invocations=35 (full 5):
 PSYoungGen      total 172032K, used 51908K [0x00000000f0780000, 0x0000000100000000, 0x0000000100000000)
  eden space 95744K, 0% used [0x00000000f0780000,0x00000000f0780000,0x00000000f6500000)
  from space 76288K, 68% used [0x00000000fb400000,0x00000000fe6b1260,0x00000000ffe80000)
  to   space 79360K, 0% used [0x00000000f6500000,0x00000000f6500000,0x00000000fb280000)
 ParOldGen       total 317952K, used 232123K [0x00000000d1600000, 0x00000000e4c80000, 0x00000000f0780000)
  object space 317952K, 73% used [0x00000000d1600000,0x00000000df8aefd8,0x00000000e4c80000)
 Metaspace       used 12954K, capacity 13174K, committed 13312K, reserved 1060864K
  class space    used 1345K, capacity 1431K, committed 1536K, reserved 1048576K
}
Event: 32.434 GC heap before
{Heap before GC invocations=36 (full 5):
 PSYoungGen      total 172032K, used 147652K [0x00000000f0780000, 0x0000000100000000, 0x0000000100000000)
  eden space 95744K, 100% used [0x00000000f0780000,0x00000000f6500000,0x00000000f6500000)
  from space 76288K, 68% used [0x00000000fb400000,0x00000000fe6b1260,0x00000000ffe80000)
  to   space 79360K, 0% used [0x00000000f6500000,0x00000000f6500000,0x00000000fb280000)
 ParOldGen       total 317952K, used 232123K [0x00000000d1600000, 0x00000000e4c80000, 0x00000000f0780000)
  object space 317952K, 73% used [0x00000000d1600000,0x00000000df8aefd8,0x00000000e4c80000)
 Metaspace       used 12957K, capacity 13174K, committed 13312K, reserved 1060864K
  class space    used 1345K, capacity 1431K, committed 1536K, reserved 1048576K
Event: 32.550 GC heap after
Heap after GC invocations=36 (full 5):
 PSYoungGen      total 162816K, used 67031K [0x00000000f0780000, 0x0000000100000000, 0x0000000100000000)
  eden space 95744K, 0% used [0x00000000f0780000,0x00000000f0780000,0x00000000f6500000)
  from space 67072K, 99% used [0x00000000f6500000,0x00000000fa675f70,0x00000000fa680000)
  to   space 84480K, 0% used [0x00000000fad80000,0x00000000fad80000,0x0000000100000000)
 ParOldGen       total 317952K, used 232123K [0x00000000d1600000, 0x00000000e4c80000, 0x00000000f0780000)
  object space 317952K, 73% used [0x00000000d1600000,0x00000000df8aefd8,0x00000000e4c80000)
 Metaspace       used 12957K, capacity 13174K, committed 13312K, reserved 1060864K
  class space    used 1345K, capacity 1431K, committed 1536K, reserved 1048576K
}
Event: 33.441 GC heap before
{Heap before GC invocations=37 (full 5):
 PSYoungGen      total 162816K, used 162775K [0x00000000f0780000, 0x0000000100000000, 0x0000000100000000)
  eden space 95744K, 100% used [0x00000000f0780000,0x00000000f6500000,0x00000000f6500000)
  from space 67072K, 99% used [0x00000000f6500000,0x00000000fa675f70,0x00000000fa680000)
  to   space 84480K, 0% used [0x00000000fad80000,0x00000000fad80000,0x0000000100000000)
 ParOldGen       total 317952K, used 232123K [0x00000000d1600000, 0x00000000e4c80000, 0x00000000f0780000)
  object space 317952K, 73% used [0x00000000d1600000,0x00000000df8aefd8,0x00000000e4c80000)
 Metaspace       used 12962K, capacity 13174K, committed 13312K, reserved 1060864K
  class space    used 1345K, capacity 1431K, committed 1536K, reserved 1048576K
Event: 33.738 GC heap after
Heap after GC invocations=37 (full 5):
 PSYoungGen      total 169984K, used 63875K [0x00000000f0780000, 0x0000000100000000, 0x0000000100000000)
  eden space 85504K, 0% used [0x00000000f0780000,0x00000000f0780000,0x00000000f5b00000)
  from space 84480K, 75% used [0x00000000fad80000,0x00000000febe0e68,0x0000000100000000)
  to   space 84480K, 0% used [0x00000000f5b00000,0x00000000f5b00000,0x00000000fad80000)
 ParOldGen       total 317952K, used 249693K [0x00000000d1600000, 0x00000000e4c80000, 0x00000000f0780000)
  object space 317952K, 78% used [0x00000000d1600000,0x00000000e09d76c8,0x00000000e4c80000)
 Metaspace       used 12962K, capacity 13174K, committed 13312K, reserved 1060864K
  class space    used 1345K, capacity 1431K, committed 1536K, reserved 1048576K
}
Event: 34.325 GC heap before
{Heap before GC invocations=38 (full 5):
 PSYoungGen      total 169984K, used 149379K [0x00000000f0780000, 0x0000000100000000, 0x0000000100000000)
  eden space 85504K, 100% used [0x00000000f0780000,0x00000000f5b00000,0x00000000f5b00000)
  from space 84480K, 75% used [0x00000000fad80000,0x00000000febe0e68,0x0000000100000000)
  to   space 84480K, 0% used [0x00000000f5b00000,0x00000000f5b00000,0x00000000fad80000)
 ParOldGen       total 317952K, used 249693K [0x00000000d1600000, 0x00000000e4c80000, 0x00000000f0780000)
  object space 317952K, 78% used [0x00000000d1600000,0x00000000e09d76c8,0x00000000e4c80000)
 Metaspace       used 12962K, capacity 13174K, committed 13312K, reserved 1060864K
  class space    used 1345K, capacity 1431K, committed 1536K, reserved 1048576K
Event: 34.557 GC heap after
Heap after GC invocations=38 (full 5):
 PSYoungGen      total 169984K, used 63618K [0x00000000f0780000, 0x0000000100000000, 0x0000000100000000)
  eden space 85504K, 0% used [0x00000000f0780000,0x00000000f0780000,0x00000000f5b00000)
  from space 84480K, 75% used [0x00000000f5b00000,0x00000000f9920b58,0x00000000fad80000)
  to   space 84480K, 0% used [0x00000000fad80000,0x00000000fad80000,0x0000000100000000)
 ParOldGen       total 317952K, used 270609K [0x00000000d1600000, 0x00000000e4c80000, 0x00000000f0780000)
  object space 317952K, 85% used [0x00000000d1600000,0x00000000e1e44580,0x00000000e4c80000)
 Metaspace       used 12962K, capacity 13174K, committed 13312K, reserved 1060864K
  class space    used 1345K, capacity 1431K, committed 1536K, reserved 1048576K
}
Event: 34.890 GC heap before
{Heap before GC invocations=39 (full 5):
 PSYoungGen      total 169984K, used 149122K [0x00000000f0780000, 0x0000000100000000, 0x0000000100000000)
  eden space 85504K, 100% used [0x00000000f0780000,0x00000000f5b00000,0x00000000f5b00000)
  from space 84480K, 75% used [0x00000000f5b00000,0x00000000f9920b58,0x00000000fad80000)
  to   space 84480K, 0% used [0x00000000fad80000,0x00000000fad80000,0x0000000100000000)
 ParOldGen       total 317952K, used 270609K [0x00000000d1600000, 0x00000000e4c80000, 0x00000000f0780000)
  object space 317952K, 85% used [0x00000000d1600000,0x00000000e1e44580,0x00000000e4c80000)
 Metaspace       used 12962K, capacity 13174K, committed 13312K, reserved 1060864K
  class space    used 1345K, capacity 1431K, committed 1536K, reserved 1048576K
Event: 35.381 GC heap after
Heap after GC invocations=39 (full 5):
 PSYoungGen      total 169984K, used 84462K [0x00000000f0780000, 0x0000000100000000, 0x0000000100000000)
  eden space 85504K, 0% used [0x00000000f0780000,0x00000000f0780000,0x00000000f5b00000)
  from space 84480K, 99% used [0x00000000fad80000,0x00000000ffffb800,0x0000000100000000)
  to   space 84480K, 0% used [0x00000000f5b00000,0x00000000f5b00000,0x00000000fad80000)
 ParOldGen       total 317952K, used 302190K [0x00000000d1600000, 0x00000000e4c80000, 0x00000000f0780000)
  object space 317952K, 95% used [0x00000000d1600000,0x00000000e3d1ba68,0x00000000e4c80000)
 Metaspace       used 12962K, capacity 13174K, committed 13312K, reserved 1060864K
  class space    used 1345K, capacity 1431K, committed 1536K, reserved 1048576K
}
Event: 35.381 GC heap before
{Heap before GC invocations=40 (full 6):
 PSYoungGen      total 169984K, used 84462K [0x00000000f0780000, 0x0000000100000000, 0x0000000100000000)
  eden space 85504K, 0% used [0x00000000f0780000,0x00000000f0780000,0x00000000f5b00000)
  from space 84480K, 99% used [0x00000000fad80000,0x00000000ffffb800,0x0000000100000000)
  to   space 84480K, 0% used [0x00000000f5b00000,0x00000000f5b00000,0x00000000fad80000)
 ParOldGen       total 317952K, used 302190K [0x00000000d1600000, 0x00000000e4c80000, 0x00000000f0780000)
  object space 317952K, 95% used [0x00000000d1600000,0x00000000e3d1ba68,0x00000000e4c80000)
 Metaspace       used 12962K, capacity 13174K, committed 13312K, reserved 1060864K
  class space    used 1345K, capacity 1431K, committed 1536K, reserved 1048576K

