# JRE version: OpenJDK Runtime Environment (8.0_191-b12) (build 1.8.0_191-8u191-b12-0ubuntu0.16.04.1-b12)
# Java VM: OpenJDK 64-Bit Server VM (25.191-b12 mixed mode linux-amd64 compressed oops)
Heap:
 PSYoungGen      total 169984K, used 0K [0x00000000f0780000, 0x0000000100000000, 0x0000000100000000)
  eden space 85504K, 0% used [0x00000000f0780000,0x00000000f0780000,0x00000000f5b00000)
  from space 84480K, 0% used [0x00000000f5b00000,0x00000000f5b00000,0x00000000fad80000)
  to   space 84480K, 0% used [0x00000000fad80000,0x00000000fad80000,0x0000000100000000)
 ParOldGen       total 407040K, used 374615K [0x00000000d1600000, 0x00000000ea380000, 0x00000000f0780000)
  object space 407040K, 92% used [0x00000000d1600000,0x00000000e83d5ec8,0x00000000ea380000)
 Metaspace       used 12932K, capacity 13102K, committed 13312K, reserved 1060864K
  class space    used 1345K, capacity 1431K, committed 1536K, reserved 1048576K
GC Heap History (10 events):
Event: 30.219 GC heap after
Heap after GC invocations=32 (full 5):
 PSYoungGen      total 112640K, used 26767K [0x00000000f0780000, 0x00000000ff880000, 0x0000000100000000)
  eden space 85504K, 0% used [0x00000000f0780000,0x00000000f0780000,0x00000000f5b00000)
  from space 27136K, 98% used [0x00000000f5b00000,0x00000000f7523f90,0x00000000f7580000)
  to   space 79872K, 0% used [0x00000000faa80000,0x00000000faa80000,0x00000000ff880000)
 ParOldGen       total 407040K, used 293205K [0x00000000d1600000, 0x00000000ea380000, 0x00000000f0780000)
  object space 407040K, 72% used [0x00000000d1600000,0x00000000e34557a8,0x00000000ea380000)
 Metaspace       used 12931K, capacity 13102K, committed 13312K, reserved 1060864K
  class space    used 1345K, capacity 1431K, committed 1536K, reserved 1048576K
}
Event: 30.540 GC heap before
{Heap before GC invocations=33 (full 5):
 PSYoungGen      total 112640K, used 112271K [0x00000000f0780000, 0x00000000ff880000, 0x0000000100000000)
  eden space 85504K, 100% used [0x00000000f0780000,0x00000000f5b00000,0x00000000f5b00000)
  from space 27136K, 98% used [0x00000000f5b00000,0x00000000f7523f90,0x00000000f7580000)
  to   space 79872K, 0% used [0x00000000faa80000,0x00000000faa80000,0x00000000ff880000)
 ParOldGen       total 407040K, used 293205K [0x00000000d1600000, 0x00000000ea380000, 0x00000000f0780000)
  object space 407040K, 72% used [0x00000000d1600000,0x00000000e34557a8,0x00000000ea380000)
 Metaspace       used 12931K, capacity 13102K, committed 13312K, reserved 1060864K
  class space    used 1345K, capacity 1431K, committed 1536K, reserved 1048576K
Event: 30.683 GC heap after
Heap after GC invocations=33 (full 5):
 PSYoungGen      total 162304K, used 65187K [0x00000000f0780000, 0x0000000100000000, 0x0000000100000000)
  eden space 82432K, 0% used [0x00000000f0780000,0x00000000f0780000,0x00000000f5800000)
  from space 79872K, 81% used [0x00000000faa80000,0x00000000fea28f68,0x00000000ff880000)
  to   space 84480K, 0% used [0x00000000f5800000,0x00000000f5800000,0x00000000faa80000)
 ParOldGen       total 407040K, used 293205K [0x00000000d1600000, 0x00000000ea380000, 0x00000000f0780000)
  object space 407040K, 72% used [0x00000000d1600000,0x00000000e34557a8,0x00000000ea380000)
 Metaspace       used 12931K, capacity 13102K, committed 13312K, reserved 1060864K
  class space    used 1345K, capacity 1431K, committed 1536K, reserved 1048576K
}
Event: 31.159 GC heap before
{Heap before GC invocations=34 (full 5):
 PSYoungGen      total 162304K, used 147619K [0x00000000f0780000, 0x0000000100000000, 0x0000000100000000)
  eden space 82432K, 100% used [0x00000000f0780000,0x00000000f5800000,0x00000000f5800000)
  from space 79872K, 81% used [0x00000000faa80000,0x00000000fea28f68,0x00000000ff880000)
  to   space 84480K, 0% used [0x00000000f5800000,0x00000000f5800000,0x00000000faa80000)
 ParOldGen       total 407040K, used 293205K [0x00000000d1600000, 0x00000000ea380000, 0x00000000f0780000)
  object space 407040K, 72% used [0x00000000d1600000,0x00000000e34557a8,0x00000000ea380000)
 Metaspace       used 12931K, capacity 13102K, committed 13312K, reserved 1060864K
  class space    used 1345K, capacity 1431K, committed 1536K, reserved 1048576K
Event: 31.434 GC heap after
Heap after GC invocations=34 (full 5):
 PSYoungGen      total 166912K, used 84473K [0x00000000f0780000, 0x0000000100000000, 0x0000000100000000)
  eden space 82432K, 0% used [0x00000000f0780000,0x00000000f0780000,0x00000000f5800000)
  from space 84480K, 99% used [0x00000000f5800000,0x00000000faa7e7c0,0x00000000faa80000)
  to   space 84480K, 0% used [0x00000000fad80000,0x00000000fad80000,0x0000000100000000)
 ParOldGen       total 407040K, used 324363K [0x00000000d1600000, 0x00000000ea380000, 0x00000000f0780000)
  object space 407040K, 79% used [0x00000000d1600000,0x00000000e52c2f10,0x00000000ea380000)
 Metaspace       used 12931K, capacity 13102K, committed 13312K, reserved 1060864K
  class space    used 1345K, capacity 1431K, committed 1536K, reserved 1048576K
}
Event: 32.156 GC heap before
{Heap before GC invocations=35 (full 5):
 PSYoungGen      total 166912K, used 166905K [0x00000000f0780000, 0x0000000100000000, 0x0000000100000000)
  eden space 82432K, 100% used [0x00000000f0780000,0x00000000f5800000,0x00000000f5800000)
  from space 84480K, 99% used [0x00000000f5800000,0x00000000faa7e7c0,0x00000000faa80000)
  to   space 84480K, 0% used [0x00000000fad80000,0x00000000fad80000,0x0000000100000000)
 ParOldGen       total 407040K, used 324363K [0x00000000d1600000, 0x00000000ea380000, 0x00000000f0780000)
  object space 407040K, 79% used [0x00000000d1600000,0x00000000e52c2f10,0x00000000ea380000)
 Metaspace       used 12932K, capacity 13102K, committed 13312K, reserved 1060864K
  class space    used 1345K, capacity 1431K, committed 1536K, reserved 1048576K
Event: 32.274 GC heap after
Heap after GC invocations=35 (full 5):
 PSYoungGen      total 169984K, used 16639K [0x00000000f0780000, 0x0000000100000000, 0x0000000100000000)
  eden space 85504K, 0% used [0x00000000f0780000,0x00000000f0780000,0x00000000f5b00000)
  from space 84480K, 19% used [0x00000000fad80000,0x00000000fbdbfe30,0x0000000100000000)
  to   space 84480K, 0% used [0x00000000f5b00000,0x00000000f5b00000,0x00000000fad80000)
 ParOldGen       total 407040K, used 349958K [0x00000000d1600000, 0x00000000ea380000, 0x00000000f0780000)
  object space 407040K, 85% used [0x00000000d1600000,0x00000000e6bc1838,0x00000000ea380000)
 Metaspace       used 12932K, capacity 13102K, committed 13312K, reserved 1060864K
  class space    used 1345K, capacity 1431K, committed 1536K, reserved 1048576K
}
Event: 33.152 GC heap before
{Heap before GC invocations=36 (full 5):
 PSYoungGen      total 169984K, used 102143K [0x00000000f0780000, 0x0000000100000000, 0x0000000100000000)
  eden space 85504K, 100% used [0x00000000f0780000,0x00000000f5b00000,0x00000000f5b00000)
  from space 84480K, 19% used [0x00000000fad80000,0x00000000fbdbfe30,0x0000000100000000)
  to   space 84480K, 0% used [0x00000000f5b00000,0x00000000f5b00000,0x00000000fad80000)
 ParOldGen       total 407040K, used 349958K [0x00000000d1600000, 0x00000000ea380000, 0x00000000f0780000)
  object space 407040K, 85% used [0x00000000d1600000,0x00000000e6bc1838,0x00000000ea380000)
 Metaspace       used 12932K, capacity 13102K, committed 13312K, reserved 1060864K
  class space    used 1345K, capacity 1431K, committed 1536K, reserved 1048576K
Event: 33.278 GC heap after
Heap after GC invocations=36 (full 5):
 PSYoungGen      total 169984K, used 13888K [0x00000000f0780000, 0x0000000100000000, 0x0000000100000000)
  eden space 85504K, 0% used [0x00000000f0780000,0x00000000f0780000,0x00000000f5b00000)
  from space 84480K, 16% used [0x00000000f5b00000,0x00000000f6890200,0x00000000fad80000)
  to   space 84480K, 0% used [0x00000000fad80000,0x00000000fad80000,0x0000000100000000)
 ParOldGen       total 407040K, used 366469K [0x00000000d1600000, 0x00000000ea380000, 0x00000000f0780000)
  object space 407040K, 90% used [0x00000000d1600000,0x00000000e7be16c0,0x00000000ea380000)
 Metaspace       used 12932K, capacity 13102K, committed 13312K, reserved 1060864K
  class space    used 1345K, capacity 1431K, committed 1536K, reserved 1048576K
}
Event: 33.278 GC heap before
{Heap before GC invocations=37 (full 6):
 PSYoungGen      total 169984K, used 13888K [0x00000000f0780000, 0x0000000100000000, 0x0000000100000000)
  eden space 85504K, 0% used [0x00000000f0780000,0x00000000f0780000,0x00000000f5b00000)
  from space 84480K, 16% used [0x00000000f5b00000,0x00000000f6890200,0x00000000fad80000)
  to   space 84480K, 0% used [0x00000000fad80000,0x00000000fad80000,0x0000000100000000)
 ParOldGen       total 407040K, used 366469K [0x00000000d1600000, 0x00000000ea380000, 0x00000000f0780000)
  object space 407040K, 90% used [0x00000000d1600000,0x00000000e7be16c0,0x00000000ea380000)
 Metaspace       used 12932K, capacity 13102K, committed 13312K, reserved 1060864K
  class space    used 1345K, capacity 1431K, committed 1536K, reserved 1048576K

