# JRE version: OpenJDK Runtime Environment (10.0.2+13) (build 10.0.2+13-Ubuntu-1ubuntu0.18.04.4)
# Java VM: OpenJDK 64-Bit Server VM (10.0.2+13-Ubuntu-1ubuntu0.18.04.4, mixed mode, tiered, compressed oops, g1 gc, linux-amd64)
Heap:
 garbage-first heap   total 783360K, used 210432K [0x00000000a8a00000, 0x0000000100000000)
  region size 1024K, 12 young (12288K), 12 survivors (12288K)
 Metaspace       used 16647K, capacity 16858K, committed 17280K, reserved 1064960K
  class space    used 1492K, capacity 1554K, committed 1664K, reserved 1048576K
GC Heap History (10 events):
Event: 4.254 GC heap after
{Heap after GC invocations=18 (full 0):
 garbage-first heap   total 209920K, used 102266K [0x00000000a8a00000, 0x0000000100000000)
  region size 1024K, 8 young (8192K), 8 survivors (8192K)
 Metaspace       used 16506K, capacity 16665K, committed 17024K, reserved 1064960K
  class space    used 1488K, capacity 1554K, committed 1664K, reserved 1048576K
}
Event: 4.389 GC heap before
{Heap before GC invocations=18 (full 0):
 garbage-first heap   total 209920K, used 146298K [0x00000000a8a00000, 0x0000000100000000)
  region size 1024K, 51 young (52224K), 8 survivors (8192K)
 Metaspace       used 16534K, capacity 16665K, committed 17024K, reserved 1064960K
  class space    used 1488K, capacity 1554K, committed 1664K, reserved 1048576K
}
Event: 4.420 GC heap after
{Heap after GC invocations=19 (full 0):
 garbage-first heap   total 461824K, used 112498K [0x00000000a8a00000, 0x0000000100000000)
  region size 1024K, 7 young (7168K), 7 survivors (7168K)
 Metaspace       used 16534K, capacity 16665K, committed 17024K, reserved 1064960K
  class space    used 1488K, capacity 1554K, committed 1664K, reserved 1048576K
}
Event: 4.774 GC heap before
{Heap before GC invocations=19 (full 0):
 garbage-first heap   total 461824K, used 242546K [0x00000000a8a00000, 0x0000000100000000)
  region size 1024K, 126 young (129024K), 7 survivors (7168K)
 Metaspace       used 16541K, capacity 16665K, committed 17024K, reserved 1064960K
  class space    used 1488K, capacity 1554K, committed 1664K, reserved 1048576K
}
Event: 4.830 GC heap after
{Heap after GC invocations=20 (full 0):
 garbage-first heap   total 461824K, used 162311K [0x00000000a8a00000, 0x0000000100000000)
  region size 1024K, 16 young (16384K), 16 survivors (16384K)
 Metaspace       used 16541K, capacity 16665K, committed 17024K, reserved 1064960K
  class space    used 1488K, capacity 1554K, committed 1664K, reserved 1048576K
}
Event: 5.140 GC heap before
{Heap before GC invocations=20 (full 0):
 garbage-first heap   total 461824K, used 293383K [0x00000000a8a00000, 0x0000000100000000)
  region size 1024K, 135 young (138240K), 16 survivors (16384K)
 Metaspace       used 16580K, capacity 16793K, committed 17280K, reserved 1064960K
  class space    used 1491K, capacity 1554K, committed 1664K, reserved 1048576K
}
Event: 5.210 GC heap after
{Heap after GC invocations=21 (full 0):
 garbage-first heap   total 461824K, used 227840K [0x00000000a8a00000, 0x0000000100000000)
  region size 1024K, 17 young (17408K), 17 survivors (17408K)
 Metaspace       used 16580K, capacity 16793K, committed 17280K, reserved 1064960K
  class space    used 1491K, capacity 1554K, committed 1664K, reserved 1048576K
}
Event: 5.477 GC heap before
{Heap before GC invocations=21 (full 0):
 garbage-first heap   total 461824K, used 309760K [0x00000000a8a00000, 0x0000000100000000)
  region size 1024K, 97 young (99328K), 17 survivors (17408K)
 Metaspace       used 16624K, capacity 16794K, committed 17280K, reserved 1064960K
  class space    used 1492K, capacity 1554K, committed 1664K, reserved 1048576K
}
Event: 5.510 GC heap after
{Heap after GC invocations=22 (full 0):
 garbage-first heap   total 461824K, used 241152K [0x00000000a8a00000, 0x0000000100000000)
  region size 1024K, 13 young (13312K), 13 survivors (13312K)
 Metaspace       used 16624K, capacity 16794K, committed 17280K, reserved 1064960K
  class space    used 1492K, capacity 1554K, committed 1664K, reserved 1048576K
}
Event: 5.893 GC heap before
{Heap before GC invocations=23 (full 0):
 garbage-first heap   total 461824K, used 279552K [0x00000000a8a00000, 0x0000000100000000)
  region size 1024K, 95 young (97280K), 13 survivors (13312K)
 Metaspace       used 16647K, capacity 16858K, committed 17280K, reserved 1064960K
  class space    used 1492K, capacity 1554K, committed 1664K, reserved 1048576K
}

